<?xml version="1.0" encoding="utf-8"?>
<CoverageSession xmlns:xsd="http://www.w3.org/2001/XMLSchema" xmlns:xsi="http://www.w3.org/2001/XMLSchema-instance" Version="4.7.1221.0">
  <Summary numSequencePoints="103" visitedSequencePoints="101" numBranchPoints="44" visitedBranchPoints="42" sequenceCoverage="98.06" branchCoverage="95.45" maxCyclomaticComplexity="3" minCyclomaticComplexity="1" maxCrapScore="3" minCrapScore="1" visitedClasses="9" numClasses="9" visitedMethods="38" numMethods="40" />
  <Modules>
    <Module skippedDueTo="Filter" hash="9B-7B-C3-CD-F3-34-AD-97-20-C1-42-F7-B2-ED-37-4A-B6-00-6D-05">
      <ModulePath>C:\Program Files\dotnet\shared\Microsoft.NETCore.App\5.0.8\System.Private.CoreLib.dll</ModulePath>
      <ModuleTime>2021-06-15T22:33:02Z</ModuleTime>
      <ModuleName>System.Private.CoreLib</ModuleName>
      <Classes />
    </Module>
    <Module skippedDueTo="Filter" hash="20-B1-13-41-7B-C1-6B-B1-17-FF-EE-5B-A2-35-0B-8B-6D-F2-6B-95">
      <ModulePath>C:\Program Files\dotnet\sdk\5.0.302\dotnet.dll</ModulePath>
      <ModuleTime>2021-06-19T02:54:46Z</ModuleTime>
      <ModuleName>dotnet</ModuleName>
      <Classes />
    </Module>
    <Module skippedDueTo="Filter" hash="61-56-38-82-9A-B0-9F-2E-6C-B0-46-D7-12-D0-22-9E-A0-DC-36-AE">
      <ModulePath>C:\Program Files\dotnet\shared\Microsoft.NETCore.App\5.0.8\System.Runtime.dll</ModulePath>
      <ModuleTime>2021-06-15T22:36:34Z</ModuleTime>
      <ModuleName>System.Runtime</ModuleName>
      <Classes />
    </Module>
    <Module skippedDueTo="Filter" hash="19-BF-4E-A8-61-92-95-A4-05-36-13-59-FB-E3-A1-0B-96-F9-FE-74">
      <ModulePath>C:\Program Files\dotnet\shared\Microsoft.NETCore.App\5.0.8\System.Diagnostics.Tracing.dll</ModulePath>
      <ModuleTime>2021-06-15T22:37:28Z</ModuleTime>
      <ModuleName>System.Diagnostics.Tracing</ModuleName>
      <Classes />
    </Module>
    <Module skippedDueTo="Filter" hash="0E-46-99-B8-8A-AE-6E-34-AD-73-81-6A-36-41-FA-D7-AB-9C-DA-BA">
      <ModulePath>C:\Program Files\dotnet\shared\Microsoft.NETCore.App\5.0.8\System.Diagnostics.Process.dll</ModulePath>
      <ModuleTime>2021-06-15T22:37:28Z</ModuleTime>
      <ModuleName>System.Diagnostics.Process</ModuleName>
      <Classes />
    </Module>
    <Module skippedDueTo="Filter" hash="8A-BC-B5-E0-11-49-57-39-31-A4-77-6A-63-36-0F-A1-55-F7-45-2C">
      <ModulePath>C:\Program Files\dotnet\shared\Microsoft.NETCore.App\5.0.8\System.ComponentModel.Primitives.dll</ModulePath>
      <ModuleTime>2021-06-15T22:36:32Z</ModuleTime>
      <ModuleName>System.ComponentModel.Primitives</ModuleName>
      <Classes />
    </Module>
    <Module skippedDueTo="Filter" hash="D9-2C-9C-F0-56-9D-79-E5-8F-4A-D0-A4-E6-45-DD-1B-F0-39-AD-3F">
      <ModulePath>C:\Program Files\dotnet\sdk\5.0.302\Microsoft.DotNet.Cli.Utils.dll</ModulePath>
      <ModuleTime>2021-06-19T02:54:26Z</ModuleTime>
      <ModuleName>Microsoft.DotNet.Cli.Utils</ModuleName>
      <Classes />
    </Module>
    <Module skippedDueTo="Filter" hash="1A-8F-86-3B-B8-3C-A1-F2-EA-51-BF-40-F5-61-94-F4-4E-3A-EA-E4">
      <ModulePath>C:\Program Files\dotnet\sdk\5.0.302\Microsoft.DotNet.InternalAbstractions.dll</ModulePath>
      <ModuleTime>2021-06-19T02:54:26Z</ModuleTime>
      <ModuleName>Microsoft.DotNet.InternalAbstractions</ModuleName>
      <Classes />
    </Module>
    <Module skippedDueTo="Filter" hash="C1-D5-43-B5-D2-56-15-88-8C-43-43-15-C7-89-3A-84-7E-4C-EA-FA">
      <ModulePath>C:\Program Files\dotnet\shared\Microsoft.NETCore.App\5.0.8\netstandard.dll</ModulePath>
      <ModuleTime>2021-06-15T22:36:32Z</ModuleTime>
      <ModuleName>netstandard</ModuleName>
      <Classes />
    </Module>
    <Module skippedDueTo="Filter" hash="F4-5D-2C-A9-8F-5B-FB-63-96-1C-BC-FF-7B-A3-3A-0B-C5-38-C2-B9">
      <ModulePath>C:\Program Files\dotnet\shared\Microsoft.NETCore.App\5.0.8\Microsoft.Win32.Primitives.dll</ModulePath>
      <ModuleTime>2021-06-15T22:36:34Z</ModuleTime>
      <ModuleName>Microsoft.Win32.Primitives</ModuleName>
      <Classes />
    </Module>
    <Module skippedDueTo="Filter" hash="51-49-74-4B-49-5A-3A-F0-11-75-8A-B4-1E-A6-3E-0D-3D-2C-3F-05">
      <ModulePath>C:\Program Files\dotnet\shared\Microsoft.NETCore.App\5.0.8\System.Runtime.InteropServices.dll</ModulePath>
      <ModuleTime>2021-06-15T22:36:10Z</ModuleTime>
      <ModuleName>System.Runtime.InteropServices</ModuleName>
      <Classes />
    </Module>
    <Module skippedDueTo="Filter" hash="39-90-36-5D-DF-18-0D-B4-D5-00-B2-3E-3D-95-A3-78-70-7D-14-42">
      <ModulePath>C:\Program Files\dotnet\shared\Microsoft.NETCore.App\5.0.8\System.Runtime.Loader.dll</ModulePath>
      <ModuleTime>2021-06-15T22:36:38Z</ModuleTime>
      <ModuleName>System.Runtime.Loader</ModuleName>
      <Classes />
    </Module>
    <Module skippedDueTo="Filter" hash="E4-05-5F-7E-35-EE-79-6D-26-9A-91-D4-10-60-00-D9-92-8D-36-56">
      <ModulePath>C:\Program Files\dotnet\shared\Microsoft.NETCore.App\5.0.8\System.Runtime.InteropServices.RuntimeInformation.dll</ModulePath>
      <ModuleTime>2021-06-15T22:36:34Z</ModuleTime>
      <ModuleName>System.Runtime.InteropServices.RuntimeInformation</ModuleName>
      <Classes />
    </Module>
    <Module skippedDueTo="Filter" hash="A2-07-0B-32-E8-09-C1-E9-05-DE-2B-B9-AA-85-C4-0A-04-36-00-C2">
      <ModulePath>C:\Program Files\dotnet\shared\Microsoft.NETCore.App\5.0.8\System.IO.FileSystem.dll</ModulePath>
      <ModuleTime>2021-06-15T22:37:36Z</ModuleTime>
      <ModuleName>System.IO.FileSystem</ModuleName>
      <Classes />
    </Module>
    <Module skippedDueTo="Filter" hash="7E-1A-99-08-85-ED-FA-10-E7-B6-7E-A8-60-2B-48-FC-65-D6-4D-57">
      <ModulePath>C:\Program Files\dotnet\shared\Microsoft.NETCore.App\5.0.8\System.Memory.dll</ModulePath>
      <ModuleTime>2021-06-15T22:37:06Z</ModuleTime>
      <ModuleName>System.Memory</ModuleName>
      <Classes />
    </Module>
    <Module skippedDueTo="Filter" hash="31-6B-22-6C-AA-AB-46-F9-19-F5-96-4A-05-AC-0F-5C-36-C9-9F-07">
      <ModulePath>C:\Program Files\dotnet\shared\Microsoft.NETCore.App\5.0.8\System.Text.Encoding.CodePages.dll</ModulePath>
      <ModuleTime>2021-06-15T22:37:24Z</ModuleTime>
      <ModuleName>System.Text.Encoding.CodePages</ModuleName>
      <Classes />
    </Module>
    <Module skippedDueTo="Filter" hash="60-C8-2A-D8-07-A8-48-30-3F-AA-19-08-90-AF-27-90-9A-C3-7F-85">
      <ModulePath>C:\Program Files\dotnet\shared\Microsoft.NETCore.App\5.0.8\System.Collections.dll</ModulePath>
      <ModuleTime>2021-06-15T22:36:32Z</ModuleTime>
      <ModuleName>System.Collections</ModuleName>
      <Classes />
    </Module>
    <Module skippedDueTo="Filter" hash="E8-40-6D-32-24-8E-84-2A-2E-F5-45-2E-5A-92-D2-BB-86-59-65-94">
      <ModulePath>C:\Program Files\dotnet\shared\Microsoft.NETCore.App\5.0.8\System.Threading.dll</ModulePath>
      <ModuleTime>2021-06-15T22:36:12Z</ModuleTime>
      <ModuleName>System.Threading</ModuleName>
      <Classes />
    </Module>
    <Module skippedDueTo="Filter" hash="C8-5F-36-F0-E3-7F-18-EB-0B-2A-79-45-F7-55-59-87-00-1B-7B-07">
      <ModulePath>C:\Program Files\dotnet\shared\Microsoft.NETCore.App\5.0.8\System.Collections.Concurrent.dll</ModulePath>
      <ModuleTime>2021-06-15T22:36:10Z</ModuleTime>
      <ModuleName>System.Collections.Concurrent</ModuleName>
      <Classes />
    </Module>
    <Module skippedDueTo="Filter" hash="D9-17-41-50-03-B9-B3-42-03-80-2A-58-61-F7-96-EA-6B-39-42-ED">
      <ModulePath>C:\Program Files\dotnet\shared\Microsoft.NETCore.App\5.0.8\System.Threading.Thread.dll</ModulePath>
      <ModuleTime>2021-06-15T22:36:42Z</ModuleTime>
      <ModuleName>System.Threading.Thread</ModuleName>
      <Classes />
    </Module>
    <Module skippedDueTo="Filter" hash="79-F3-A0-4D-A8-36-0C-28-30-4F-F5-5D-B9-CA-D4-0F-7D-EE-F6-31">
      <ModulePath>C:\Program Files\dotnet\sdk\5.0.302\Microsoft.DotNet.Configurer.dll</ModulePath>
      <ModuleTime>2021-06-19T02:54:46Z</ModuleTime>
      <ModuleName>Microsoft.DotNet.Configurer</ModuleName>
      <Classes />
    </Module>
    <Module skippedDueTo="Filter" hash="BA-7E-74-B7-18-53-CD-39-67-0A-0E-EA-8F-61-99-F5-D8-89-66-D5">
      <ModulePath>C:\Program Files\dotnet\sdk\5.0.302\Microsoft.DotNet.Cli.CommandLine.dll</ModulePath>
      <ModuleTime>2021-06-19T02:53:36Z</ModuleTime>
      <ModuleName>Microsoft.DotNet.Cli.CommandLine</ModuleName>
      <Classes />
    </Module>
    <Module skippedDueTo="Filter" hash="EF-3D-22-11-9D-96-0C-61-D3-40-F0-4D-B1-DF-E9-61-3A-18-8C-BF">
      <ModulePath>C:\Program Files\dotnet\shared\Microsoft.NETCore.App\5.0.8\System.Linq.dll</ModulePath>
      <ModuleTime>2021-06-15T22:37:36Z</ModuleTime>
      <ModuleName>System.Linq</ModuleName>
      <Classes />
    </Module>
    <Module skippedDueTo="Filter" hash="63-80-EC-A6-CA-A0-36-7C-FD-73-F5-62-8A-99-B4-E0-D3-3D-27-5C">
      <ModulePath>C:\Program Files\dotnet\sdk\5.0.302\NuGet.Frameworks.dll</ModulePath>
      <ModuleTime>2021-06-19T02:53:52Z</ModuleTime>
      <ModuleName>NuGet.Frameworks</ModuleName>
      <Classes />
    </Module>
    <Module skippedDueTo="Filter" hash="7D-1D-A1-FE-D2-56-59-3E-97-B2-9B-BF-3F-CF-83-24-A2-3B-35-F6">
      <ModulePath>C:\Program Files\dotnet\shared\Microsoft.NETCore.App\5.0.8\System.Console.dll</ModulePath>
      <ModuleTime>2021-06-15T22:37:28Z</ModuleTime>
      <ModuleName>System.Console</ModuleName>
      <Classes />
    </Module>
    <Module skippedDueTo="Filter" hash="31-2C-A2-8F-56-68-06-B0-11-DC-28-A0-3F-A3-3F-D9-F8-F7-37-C7">
      <ModulePath>C:\Program Files\dotnet\shared\Microsoft.NETCore.App\5.0.8\System.Text.Encoding.Extensions.dll</ModulePath>
      <ModuleTime>2021-06-15T22:36:12Z</ModuleTime>
      <ModuleName>System.Text.Encoding.Extensions</ModuleName>
      <Classes />
    </Module>
    <Module skippedDueTo="Filter" hash="57-EB-F1-15-89-F4-C1-BE-C5-5C-79-58-34-DD-02-C7-16-5C-7C-D3">
      <ModulePath>C:\Program Files\dotnet\shared\Microsoft.NETCore.App\5.0.8\System.Runtime.CompilerServices.Unsafe.dll</ModulePath>
      <ModuleTime>2021-06-15T22:37:04Z</ModuleTime>
      <ModuleName>System.Runtime.CompilerServices.Unsafe</ModuleName>
      <Classes />
    </Module>
    <Module skippedDueTo="Filter" hash="1B-69-39-B1-74-B6-10-93-0B-C6-D8-83-B1-90-35-6D-85-83-7E-3C">
      <ModulePath>C:\Program Files\dotnet\sdk\5.0.302\Microsoft.ApplicationInsights.dll</ModulePath>
      <ModuleTime>2021-06-19T02:53:34Z</ModuleTime>
      <ModuleName>Microsoft.ApplicationInsights</ModuleName>
      <Classes />
    </Module>
    <Module skippedDueTo="Filter" hash="E8-E8-EE-15-10-3C-D5-27-D5-34-0A-D0-16-50-4A-B6-0A-2B-73-C3">
      <ModulePath>C:\Program Files\dotnet\shared\Microsoft.NETCore.App\5.0.8\System.Private.Uri.dll</ModulePath>
      <ModuleTime>2021-06-15T22:36:36Z</ModuleTime>
      <ModuleName>System.Private.Uri</ModuleName>
      <Classes />
    </Module>
    <Module skippedDueTo="Filter" hash="F0-DB-16-39-54-81-5D-85-A2-4D-7F-80-37-36-F8-3B-FE-DC-10-9B">
      <ModulePath>C:\Program Files\dotnet\shared\Microsoft.NETCore.App\5.0.8\System.Reflection.Extensions.dll</ModulePath>
      <ModuleTime>2021-06-15T22:36:36Z</ModuleTime>
      <ModuleName>System.Reflection.Extensions</ModuleName>
      <Classes />
    </Module>
    <Module skippedDueTo="Filter" hash="7E-A3-E0-C2-42-59-44-6B-FF-AC-80-AE-C3-F7-86-32-16-F8-03-C8">
      <ModulePath>C:\Program Files\dotnet\shared\Microsoft.NETCore.App\5.0.8\System.Reflection.dll</ModulePath>
      <ModuleTime>2021-06-15T22:36:10Z</ModuleTime>
      <ModuleName>System.Reflection</ModuleName>
      <Classes />
    </Module>
    <Module skippedDueTo="Filter" hash="5C-48-9D-91-59-2D-9F-4C-FF-22-3D-0E-D9-32-95-30-55-08-17-00">
      <ModulePath>C:\Program Files\dotnet\shared\Microsoft.NETCore.App\5.0.8\System.Xml.XDocument.dll</ModulePath>
      <ModuleTime>2021-06-15T22:36:24Z</ModuleTime>
      <ModuleName>System.Xml.XDocument</ModuleName>
      <Classes />
    </Module>
    <Module skippedDueTo="Filter" hash="E0-41-24-FF-DA-82-13-7E-8A-21-E1-F1-DD-3E-F3-A5-32-CD-5C-9B">
      <ModulePath>C:\Program Files\dotnet\shared\Microsoft.NETCore.App\5.0.8\System.Private.Xml.Linq.dll</ModulePath>
      <ModuleTime>2021-06-15T22:36:06Z</ModuleTime>
      <ModuleName>System.Private.Xml.Linq</ModuleName>
      <Classes />
    </Module>
    <Module skippedDueTo="Filter" hash="88-82-4B-8B-62-C1-C6-C2-9D-CA-E6-25-89-7C-8D-AB-1D-32-37-90">
      <ModulePath>C:\Program Files\dotnet\shared\Microsoft.NETCore.App\5.0.8\System.Security.Cryptography.Algorithms.dll</ModulePath>
      <ModuleTime>2021-06-15T22:36:42Z</ModuleTime>
      <ModuleName>System.Security.Cryptography.Algorithms</ModuleName>
      <Classes />
    </Module>
    <Module skippedDueTo="Filter" hash="56-44-57-04-1D-E9-A6-27-9C-73-9E-68-B6-E9-FC-48-6F-46-73-79">
      <ModulePath>C:\Program Files\dotnet\shared\Microsoft.NETCore.App\5.0.8\System.Security.Cryptography.Primitives.dll</ModulePath>
      <ModuleTime>2021-06-15T22:36:10Z</ModuleTime>
      <ModuleName>System.Security.Cryptography.Primitives</ModuleName>
      <Classes />
    </Module>
    <Module skippedDueTo="Filter" hash="49-B9-97-82-00-23-CB-70-38-08-BC-06-E0-7F-91-28-98-85-F8-DE">
      <ModulePath>C:\Program Files\dotnet\shared\Microsoft.NETCore.App\5.0.8\System.Private.Xml.dll</ModulePath>
      <ModuleTime>2021-06-15T22:36:08Z</ModuleTime>
      <ModuleName>System.Private.Xml</ModuleName>
      <Classes />
    </Module>
    <Module skippedDueTo="Filter" hash="80-F2-F3-E6-8D-16-DA-E6-51-DF-93-E5-31-0E-C6-4D-FC-58-11-79">
      <ModulePath>C:\Program Files\dotnet\sdk\5.0.302\Microsoft.TemplateEngine.Cli.dll</ModulePath>
      <ModuleTime>2021-06-19T02:54:00Z</ModuleTime>
      <ModuleName>Microsoft.TemplateEngine.Cli</ModuleName>
      <Classes />
    </Module>
    <Module skippedDueTo="Filter" hash="88-C6-F1-88-DC-90-93-2E-F6-48-C0-58-71-D5-AA-36-2D-36-AF-64">
      <ModulePath>C:\Program Files\dotnet\shared\Microsoft.NETCore.App\5.0.8\System.Xml.ReaderWriter.dll</ModulePath>
      <ModuleTime>2021-06-15T22:36:24Z</ModuleTime>
      <ModuleName>System.Xml.ReaderWriter</ModuleName>
      <Classes />
    </Module>
    <Module skippedDueTo="Filter" hash="87-60-B5-BF-E9-2B-DE-CB-1C-63-F3-73-49-89-A6-28-BD-73-A6-78">
      <ModulePath>C:\Program Files\dotnet\shared\Microsoft.NETCore.App\5.0.8\System.Threading.Tasks.dll</ModulePath>
      <ModuleTime>2021-06-15T22:36:42Z</ModuleTime>
      <ModuleName>System.Threading.Tasks</ModuleName>
      <Classes />
    </Module>
    <Module skippedDueTo="Filter" hash="6E-37-36-AB-E3-82-8C-8D-6C-DB-A7-EA-5E-FD-23-5E-DA-FE-39-1F">
      <ModulePath>C:\Program Files\dotnet\sdk\5.0.302\pt-BR\Microsoft.TemplateEngine.Cli.resources.dll</ModulePath>
      <ModuleTime>2021-06-09T20:21:46Z</ModuleTime>
      <ModuleName>Microsoft.TemplateEngine.Cli.resources</ModuleName>
      <Classes />
    </Module>
    <Module skippedDueTo="Filter" hash="FA-49-8F-6E-E5-24-3E-0D-86-71-74-0D-E7-64-EC-44-75-25-9E-F6">
      <ModulePath>C:\Program Files\dotnet\shared\Microsoft.NETCore.App\5.0.8\System.Globalization.dll</ModulePath>
      <ModuleTime>2021-06-15T22:37:32Z</ModuleTime>
      <ModuleName>System.Globalization</ModuleName>
      <Classes />
    </Module>
    <Module skippedDueTo="Filter" hash="A7-13-89-61-24-BE-EB-68-CA-A7-BF-1A-46-BC-95-E9-5C-B7-A5-21">
      <ModulePath>C:\Program Files\dotnet\shared\Microsoft.NETCore.App\5.0.8\System.Text.RegularExpressions.dll</ModulePath>
      <ModuleTime>2021-06-15T22:36:14Z</ModuleTime>
      <ModuleName>System.Text.RegularExpressions</ModuleName>
      <Classes />
    </Module>
    <Module skippedDueTo="Filter" hash="6C-AB-57-35-2C-36-5B-1F-D3-26-F1-8E-36-A5-46-6A-69-B3-6F-30">
      <ModulePath>C:\Program Files\dotnet\shared\Microsoft.NETCore.App\5.0.8\System.Reflection.Emit.ILGeneration.dll</ModulePath>
      <ModuleTime>2021-06-15T22:36:08Z</ModuleTime>
      <ModuleName>System.Reflection.Emit.ILGeneration</ModuleName>
      <Classes />
    </Module>
    <Module skippedDueTo="Filter" hash="97-01-77-35-E5-CE-F0-FE-8B-96-13-5E-BD-81-67-88-4B-C9-8F-60">
      <ModulePath>C:\Program Files\dotnet\shared\Microsoft.NETCore.App\5.0.8\System.Reflection.Emit.Lightweight.dll</ModulePath>
      <ModuleTime>2021-06-15T22:36:08Z</ModuleTime>
      <ModuleName>System.Reflection.Emit.Lightweight</ModuleName>
      <Classes />
    </Module>
    <Module skippedDueTo="Filter" hash="1A-FD-07-6B-AE-79-1B-5E-99-D0-A9-C7-9A-BF-F1-C2-4C-46-D8-41">
      <ModulePath>C:\Program Files\dotnet\shared\Microsoft.NETCore.App\5.0.8\System.Reflection.Primitives.dll</ModulePath>
      <ModuleTime>2021-06-15T22:36:10Z</ModuleTime>
      <ModuleName>System.Reflection.Primitives</ModuleName>
      <Classes />
    </Module>
    <Module skippedDueTo="Filter" hash="6E-69-CF-AD-DF-8E-61-A3-05-68-0B-AB-2C-CF-E0-5B-D3-7C-B0-04">
      <ModulePath>C:\Program Files\dotnet\shared\Microsoft.NETCore.App\5.0.8\Microsoft.Win32.Registry.dll</ModulePath>
      <ModuleTime>2021-06-15T22:36:32Z</ModuleTime>
      <ModuleName>Microsoft.Win32.Registry</ModuleName>
      <Classes />
    </Module>
    <Module skippedDueTo="Filter" hash="CC-C6-FA-39-E5-96-8C-7F-15-FA-D4-D6-C7-0E-D5-B2-A5-2A-93-31">
      <ModulePath>C:\Program Files\dotnet\shared\Microsoft.NETCore.App\5.0.8\System.Diagnostics.Tools.dll</ModulePath>
      <ModuleTime>2021-06-15T22:37:30Z</ModuleTime>
      <ModuleName>System.Diagnostics.Tools</ModuleName>
      <Classes />
    </Module>
    <Module skippedDueTo="Filter" hash="99-08-9F-A8-B0-4D-50-71-38-66-7D-51-AD-26-D0-0D-92-EF-98-38">
      <ModulePath>C:\Program Files\dotnet\shared\Microsoft.NETCore.App\5.0.8\System.Runtime.Extensions.dll</ModulePath>
      <ModuleTime>2021-06-15T22:36:10Z</ModuleTime>
      <ModuleName>System.Runtime.Extensions</ModuleName>
      <Classes />
    </Module>
    <Module skippedDueTo="Filter" hash="35-1F-6A-F0-44-11-0F-9D-CD-74-74-3C-7B-07-4D-8F-0A-37-36-16">
      <ModulePath>C:\Program Files\dotnet\shared\Microsoft.NETCore.App\5.0.8\System.Diagnostics.Debug.dll</ModulePath>
      <ModuleTime>2021-06-15T22:37:30Z</ModuleTime>
      <ModuleName>System.Diagnostics.Debug</ModuleName>
      <Classes />
    </Module>
    <Module skippedDueTo="Filter" hash="D0-8C-43-8E-D1-5C-FB-4F-2C-70-9D-E8-7E-40-7A-F2-BD-51-92-52">
      <ModulePath>C:\Program Files\dotnet\shared\Microsoft.NETCore.App\5.0.8\System.IO.dll</ModulePath>
      <ModuleTime>2021-06-15T22:37:34Z</ModuleTime>
      <ModuleName>System.IO</ModuleName>
      <Classes />
    </Module>
    <Module skippedDueTo="Filter" hash="01-C4-64-0E-17-04-E4-7A-41-D3-4E-24-FA-E7-4B-A7-47-ED-41-7B">
      <ModulePath>C:\Program Files\dotnet\shared\Microsoft.NETCore.App\5.0.8\System.Text.Encoding.dll</ModulePath>
      <ModuleTime>2021-06-15T22:37:02Z</ModuleTime>
      <ModuleName>System.Text.Encoding</ModuleName>
      <Classes />
    </Module>
    <Module skippedDueTo="Filter" hash="FE-4E-67-81-5A-96-C8-DA-99-98-9D-8F-86-11-2C-66-6A-B9-F9-DA">
      <ModulePath>C:\Program Files\dotnet\sdk\5.0.302\Microsoft.TemplateEngine.Utils.dll</ModulePath>
      <ModuleTime>2021-06-19T02:54:00Z</ModuleTime>
      <ModuleName>Microsoft.TemplateEngine.Utils</ModuleName>
      <Classes />
    </Module>
    <Module skippedDueTo="Filter" hash="24-38-25-EC-B0-26-04-51-08-0C-C9-91-F0-F9-A2-87-40-5C-A7-1A">
      <ModulePath>C:\Program Files\dotnet\shared\Microsoft.NETCore.App\5.0.8\System.IO.Compression.dll</ModulePath>
      <ModuleTime>2021-06-15T22:37:32Z</ModuleTime>
      <ModuleName>System.IO.Compression</ModuleName>
      <Classes />
    </Module>
    <Module skippedDueTo="Filter" hash="0C-A3-28-61-75-11-F0-7A-B6-A2-22-92-71-55-27-18-F0-2C-57-D5">
      <ModulePath>C:\Program Files\dotnet\sdk\5.0.302\pt-BR\dotnet.resources.dll</ModulePath>
      <ModuleTime>2021-06-19T02:53:48Z</ModuleTime>
      <ModuleName>dotnet.resources</ModuleName>
      <Classes />
    </Module>
    <Module skippedDueTo="Filter" hash="05-5B-7B-3B-88-A4-02-4E-C1-37-BE-B7-8C-46-77-FA-AB-5A-DB-D5">
      <ModulePath>C:\Program Files\dotnet\shared\Microsoft.NETCore.App\5.0.8\System.Net.Http.dll</ModulePath>
      <ModuleTime>2021-06-15T22:37:38Z</ModuleTime>
      <ModuleName>System.Net.Http</ModuleName>
      <Classes />
    </Module>
    <Module skippedDueTo="Filter" hash="53-6F-B0-02-EE-FF-E0-A0-9A-02-9C-F2-7B-77-10-D8-2B-A8-68-74">
      <ModulePath>C:\Program Files\dotnet\shared\Microsoft.NETCore.App\5.0.8\System.Net.Primitives.dll</ModulePath>
      <ModuleTime>2021-06-15T22:37:40Z</ModuleTime>
      <ModuleName>System.Net.Primitives</ModuleName>
      <Classes />
    </Module>
    <Module skippedDueTo="Filter" hash="10-98-D4-EC-34-0A-2D-86-08-36-A2-FF-68-DE-10-AC-CB-0E-33-39">
      <ModulePath>C:\Program Files\dotnet\shared\Microsoft.NETCore.App\5.0.8\System.Net.Security.dll</ModulePath>
      <ModuleTime>2021-06-15T22:37:40Z</ModuleTime>
      <ModuleName>System.Net.Security</ModuleName>
      <Classes />
    </Module>
    <Module skippedDueTo="Filter" hash="9E-C3-DC-CB-E0-91-4C-17-61-57-25-37-60-2D-DC-38-21-35-FC-67">
      <ModulePath>C:\Program Files\dotnet\shared\Microsoft.NETCore.App\5.0.8\System.Diagnostics.DiagnosticSource.dll</ModulePath>
      <ModuleTime>2021-06-15T22:37:32Z</ModuleTime>
      <ModuleName>System.Diagnostics.DiagnosticSource</ModuleName>
      <Classes />
    </Module>
    <Module skippedDueTo="Filter" hash="A4-20-DF-C3-14-46-5C-3A-FD-3B-D8-30-CE-DD-F1-93-41-3E-8B-90">
      <ModulePath>C:\Program Files\dotnet\shared\Microsoft.NETCore.App\5.0.8\System.Security.Cryptography.X509Certificates.dll</ModulePath>
      <ModuleTime>2021-06-15T22:36:12Z</ModuleTime>
      <ModuleName>System.Security.Cryptography.X509Certificates</ModuleName>
      <Classes />
    </Module>
    <Module skippedDueTo="Filter" hash="AE-C0-18-33-C3-CA-F1-7C-73-B3-CC-8B-BF-03-6F-80-28-71-7A-B5">
      <ModulePath>C:\Program Files\dotnet\shared\Microsoft.NETCore.App\5.0.8\System.Collections.NonGeneric.dll</ModulePath>
      <ModuleTime>2021-06-15T22:36:32Z</ModuleTime>
      <ModuleName>System.Collections.NonGeneric</ModuleName>
      <Classes />
    </Module>
    <Module skippedDueTo="Filter" hash="42-30-4C-82-08-FD-44-26-04-FB-F9-21-B5-41-12-03-B1-DD-45-33">
      <ModulePath>C:\Program Files\dotnet\sdk\5.0.302\vstest.console.dll</ModulePath>
      <ModuleTime>2021-06-19T02:53:54Z</ModuleTime>
      <ModuleName>vstest.console</ModuleName>
      <Classes />
    </Module>
    <Module skippedDueTo="Filter" hash="FA-A2-A7-EA-4D-CA-08-8B-D2-AC-E9-F5-B8-F3-80-D6-FC-B7-8A-A2">
      <ModulePath>C:\Program Files\dotnet\sdk\5.0.302\Microsoft.TestPlatform.CoreUtilities.dll</ModulePath>
      <ModuleTime>2021-06-19T02:53:40Z</ModuleTime>
      <ModuleName>Microsoft.TestPlatform.CoreUtilities</ModuleName>
      <Classes />
    </Module>
    <Module skippedDueTo="Filter" hash="3A-06-D2-DA-84-6D-9E-EB-3D-66-7D-87-C9-AC-1B-B2-BD-53-3B-39">
      <ModulePath>C:\Program Files\dotnet\sdk\5.0.302\Microsoft.VisualStudio.TestPlatform.ObjectModel.dll</ModulePath>
      <ModuleTime>2021-06-19T02:53:38Z</ModuleTime>
      <ModuleName>Microsoft.VisualStudio.TestPlatform.ObjectModel</ModuleName>
      <Classes />
    </Module>
    <Module skippedDueTo="Filter" hash="78-93-7A-2E-7A-D7-74-C4-4F-74-DE-5F-F7-C8-D7-4D-FB-F6-88-18">
      <ModulePath>C:\Program Files\dotnet\sdk\5.0.302\Microsoft.VisualStudio.TestPlatform.Client.dll</ModulePath>
      <ModuleTime>2021-06-19T02:53:38Z</ModuleTime>
      <ModuleName>Microsoft.VisualStudio.TestPlatform.Client</ModuleName>
      <Classes />
    </Module>
    <Module skippedDueTo="Filter" hash="39-07-57-09-18-33-75-44-BF-D3-65-E8-C2-13-E6-D7-DE-2A-B6-8C">
      <ModulePath>C:\Program Files\dotnet\sdk\5.0.302\Microsoft.VisualStudio.TestPlatform.Common.dll</ModulePath>
      <ModuleTime>2021-06-19T02:53:40Z</ModuleTime>
      <ModuleName>Microsoft.VisualStudio.TestPlatform.Common</ModuleName>
      <Classes />
    </Module>
    <Module skippedDueTo="Filter" hash="D0-D2-A2-42-1F-94-7B-81-06-0E-46-89-A4-04-C6-51-FC-ED-39-21">
      <ModulePath>C:\Program Files\dotnet\shared\Microsoft.NETCore.App\5.0.8\System.Resources.ResourceManager.dll</ModulePath>
      <ModuleTime>2021-06-15T22:36:10Z</ModuleTime>
      <ModuleName>System.Resources.ResourceManager</ModuleName>
      <Classes />
    </Module>
    <Module skippedDueTo="Filter" hash="2C-A9-E1-11-A1-89-90-E2-03-88-02-FC-00-74-FC-FE-85-FC-12-17">
      <ModulePath>C:\Program Files\dotnet\sdk\5.0.302\pt-BR\vstest.console.resources.dll</ModulePath>
      <ModuleTime>2021-05-25T20:50:40Z</ModuleTime>
      <ModuleName>vstest.console.resources</ModuleName>
      <Classes />
    </Module>
    <Module skippedDueTo="Filter" hash="23-FB-2A-17-4F-27-48-54-48-4D-38-9F-50-F9-B3-E3-F3-24-0D-C5">
      <ModulePath>C:\Program Files\dotnet\sdk\5.0.302\Microsoft.TestPlatform.PlatformAbstractions.dll</ModulePath>
      <ModuleTime>2021-06-19T02:54:02Z</ModuleTime>
      <ModuleName>Microsoft.TestPlatform.PlatformAbstractions</ModuleName>
      <Classes />
    </Module>
    <Module skippedDueTo="Filter" hash="08-54-76-0B-FF-0F-F3-C5-17-02-CB-A0-8D-C9-97-60-06-E2-A2-35">
      <ModulePath>C:\Program Files\dotnet\sdk\5.0.302\Microsoft.TestPlatform.Utilities.dll</ModulePath>
      <ModuleTime>2021-06-19T02:53:40Z</ModuleTime>
      <ModuleName>Microsoft.TestPlatform.Utilities</ModuleName>
      <Classes />
    </Module>
    <Module skippedDueTo="Filter" hash="BB-E3-58-7B-FE-84-5D-96-80-41-6B-42-59-E9-CE-AE-5E-9C-49-8E">
      <ModulePath>C:\Program Files\dotnet\shared\Microsoft.NETCore.App\5.0.8\System.Diagnostics.TraceSource.dll</ModulePath>
      <ModuleTime>2021-06-15T22:37:30Z</ModuleTime>
      <ModuleName>System.Diagnostics.TraceSource</ModuleName>
      <Classes />
    </Module>
    <Module skippedDueTo="Filter" hash="81-BC-87-BF-5B-74-F3-95-60-39-47-88-86-E8-A2-68-33-80-FA-2D">
      <ModulePath>C:\Program Files\dotnet\shared\Microsoft.NETCore.App\5.0.8\System.Threading.ThreadPool.dll</ModulePath>
      <ModuleTime>2021-06-15T22:37:24Z</ModuleTime>
      <ModuleName>System.Threading.ThreadPool</ModuleName>
      <Classes />
    </Module>
    <Module skippedDueTo="Filter" hash="F6-5D-AD-D3-C7-61-F5-07-57-87-0C-2B-F4-B1-C9-58-75-D3-A1-23">
      <ModulePath>C:\Program Files\dotnet\sdk\5.0.302\Microsoft.Extensions.FileSystemGlobbing.dll</ModulePath>
      <ModuleTime>2021-06-19T02:53:58Z</ModuleTime>
      <ModuleName>Microsoft.Extensions.FileSystemGlobbing</ModuleName>
      <Classes />
    </Module>
    <Module skippedDueTo="Filter" hash="85-D4-1A-69-92-61-81-56-79-7C-10-B6-9F-5E-EB-CD-B4-7D-FC-33">
      <ModulePath>C:\Program Files\dotnet\sdk\5.0.302\Microsoft.TestPlatform.CrossPlatEngine.dll</ModulePath>
      <ModuleTime>2021-06-19T02:53:38Z</ModuleTime>
      <ModuleName>Microsoft.TestPlatform.CrossPlatEngine</ModuleName>
      <Classes />
    </Module>
    <Module skippedDueTo="Filter" hash="03-A4-17-E9-36-96-FD-33-DF-2F-D0-C2-00-3E-85-CE-71-92-A4-A7">
      <ModulePath>C:\Program Files\dotnet\sdk\5.0.302\Extensions\Microsoft.Diagnostics.NETCore.Client.dll</ModulePath>
      <ModuleTime>2021-06-19T02:54:10Z</ModuleTime>
      <ModuleName>Microsoft.Diagnostics.NETCore.Client</ModuleName>
      <Classes />
    </Module>
    <Module skippedDueTo="Filter" hash="DB-53-CF-3A-AF-11-D5-01-61-DB-CA-00-8E-B6-65-17-A7-FD-67-3A">
      <ModulePath>C:\Program Files\dotnet\shared\Microsoft.NETCore.App\5.0.8\System.Net.Sockets.dll</ModulePath>
      <ModuleTime>2021-06-15T22:36:38Z</ModuleTime>
      <ModuleName>System.Net.Sockets</ModuleName>
      <Classes />
    </Module>
    <Module skippedDueTo="Filter" hash="E4-1E-9E-5F-08-2A-71-E8-63-A2-9D-23-A2-6E-D0-D1-40-86-58-29">
      <ModulePath>C:\Program Files\dotnet\shared\Microsoft.NETCore.App\5.0.8\System.Threading.Tasks.Extensions.dll</ModulePath>
      <ModuleTime>2021-06-15T22:37:24Z</ModuleTime>
      <ModuleName>System.Threading.Tasks.Extensions</ModuleName>
      <Classes />
    </Module>
    <Module skippedDueTo="Filter" hash="67-FC-39-EC-78-D7-F8-DD-D4-74-50-83-41-B7-52-08-57-96-81-9B">
      <ModulePath>C:\Program Files\dotnet\shared\Microsoft.NETCore.App\5.0.8\System.Diagnostics.StackTrace.dll</ModulePath>
      <ModuleTime>2021-06-15T22:37:30Z</ModuleTime>
      <ModuleName>System.Diagnostics.StackTrace</ModuleName>
      <Classes />
    </Module>
    <Module skippedDueTo="Filter" hash="6A-8A-B5-E3-BB-82-77-32-20-4C-B0-C8-DC-1C-67-B9-8A-2C-99-39">
      <ModulePath>C:\Program Files\dotnet\shared\Microsoft.NETCore.App\5.0.8\System.Reflection.Metadata.dll</ModulePath>
      <ModuleTime>2021-06-15T22:36:10Z</ModuleTime>
      <ModuleName>System.Reflection.Metadata</ModuleName>
      <Classes />
    </Module>
    <Module skippedDueTo="Filter" hash="67-DC-73-B0-01-CA-BE-01-FA-BD-E2-5A-1C-3D-DB-91-63-AD-37-27">
      <ModulePath>C:\Program Files\dotnet\shared\Microsoft.NETCore.App\5.0.8\System.Collections.Immutable.dll</ModulePath>
      <ModuleTime>2021-06-15T22:36:34Z</ModuleTime>
      <ModuleName>System.Collections.Immutable</ModuleName>
      <Classes />
    </Module>
    <Module skippedDueTo="Filter" hash="37-C8-7B-B7-0B-67-22-01-56-58-28-4A-93-7D-93-FA-20-BA-D5-CA">
      <ModulePath>C:\Program Files\dotnet\sdk\5.0.302\Extensions\Microsoft.TestPlatform.Extensions.BlameDataCollector.dll</ModulePath>
      <ModuleTime>2021-06-19T02:54:12Z</ModuleTime>
      <ModuleName>Microsoft.TestPlatform.Extensions.BlameDataCollector</ModuleName>
      <Classes />
    </Module>
    <Module skippedDueTo="Filter" hash="A4-34-4E-8D-28-AC-CF-BE-88-53-A7-BF-5B-A3-DA-C3-22-30-BC-F5">
      <ModulePath>C:\Program Files\dotnet\sdk\5.0.302\Extensions\Microsoft.TestPlatform.Extensions.EventLogCollector.dll</ModulePath>
      <ModuleTime>2021-05-25T20:50:40Z</ModuleTime>
      <ModuleName>Microsoft.TestPlatform.Extensions.EventLogCollector</ModuleName>
      <Classes />
    </Module>
    <Module skippedDueTo="Filter" hash="ED-2B-BD-13-CE-22-85-C2-0C-F3-86-43-0C-55-05-2C-E9-C5-33-79">
      <ModulePath>C:\Program Files\dotnet\shared\Microsoft.NETCore.App\5.0.8\mscorlib.dll</ModulePath>
      <ModuleTime>2021-06-15T22:33:28Z</ModuleTime>
      <ModuleName>mscorlib</ModuleName>
      <Classes />
    </Module>
    <Module skippedDueTo="Filter" hash="1E-DA-DC-BF-FD-B3-0E-33-B2-C9-45-83-A6-F4-8D-21-56-F7-89-1D">
      <ModulePath>C:\Program Files\dotnet\shared\Microsoft.NETCore.App\5.0.8\System.Xml.dll</ModulePath>
      <ModuleTime>2021-06-15T22:36:24Z</ModuleTime>
      <ModuleName>System.Xml</ModuleName>
      <Classes />
    </Module>
    <Module skippedDueTo="Filter" hash="6E-44-10-F1-FE-92-68-79-49-16-7F-39-16-F4-10-E3-10-09-2C-F5">
      <ModulePath>C:\Program Files\dotnet\sdk\5.0.302\Extensions\Microsoft.TestPlatform.TestHostRuntimeProvider.dll</ModulePath>
      <ModuleTime>2021-06-19T02:54:12Z</ModuleTime>
      <ModuleName>Microsoft.TestPlatform.TestHostRuntimeProvider</ModuleName>
      <Classes />
    </Module>
    <Module skippedDueTo="Filter" hash="13-73-8C-F0-6E-36-CD-CB-E2-A7-44-9C-9F-AC-4C-8A-2D-D3-B7-EA">
      <ModulePath>C:\Program Files\dotnet\sdk\5.0.302\Extensions\Microsoft.VisualStudio.TestPlatform.Extensions.Html.TestLogger.dll</ModulePath>
      <ModuleTime>2021-06-19T02:54:12Z</ModuleTime>
      <ModuleName>Microsoft.VisualStudio.TestPlatform.Extensions.Html.TestLogger</ModuleName>
      <Classes />
    </Module>
    <Module skippedDueTo="Filter" hash="DA-30-83-C1-D7-97-09-D0-7B-2D-F9-D5-B1-73-6F-12-19-8F-BB-1D">
      <ModulePath>C:\Program Files\dotnet\sdk\5.0.302\Extensions\Microsoft.VisualStudio.TestPlatform.Extensions.Trx.TestLogger.dll</ModulePath>
      <ModuleTime>2021-06-19T02:54:12Z</ModuleTime>
      <ModuleName>Microsoft.VisualStudio.TestPlatform.Extensions.Trx.TestLogger</ModuleName>
      <Classes />
    </Module>
    <Module skippedDueTo="Filter" hash="05-09-FE-86-60-2E-66-53-B9-E2-B6-32-1D-2B-C7-B4-22-D5-AD-58">
      <ModulePath>C:\Program Files\dotnet\sdk\5.0.302\Microsoft.TestPlatform.CommunicationUtilities.dll</ModulePath>
      <ModuleTime>2021-06-19T02:53:38Z</ModuleTime>
      <ModuleName>Microsoft.TestPlatform.CommunicationUtilities</ModuleName>
      <Classes />
    </Module>
    <Module skippedDueTo="Filter" hash="95-00-A3-22-4F-2E-AA-D9-96-8E-1D-55-D4-2C-4C-5C-77-7D-98-E8">
      <ModulePath>C:\Program Files\dotnet\sdk\5.0.302\Newtonsoft.Json.dll</ModulePath>
      <ModuleTime>2021-06-19T02:54:12Z</ModuleTime>
      <ModuleName>Newtonsoft.Json</ModuleName>
      <Classes />
    </Module>
    <Module skippedDueTo="Filter" hash="C7-A6-9E-0A-55-8F-60-B8-AF-0E-B1-DB-D2-59-11-70-AD-6A-82-FB">
      <ModulePath>C:\Program Files\dotnet\shared\Microsoft.NETCore.App\5.0.8\System.Runtime.Serialization.Formatters.dll</ModulePath>
      <ModuleTime>2021-06-15T22:36:12Z</ModuleTime>
      <ModuleName>System.Runtime.Serialization.Formatters</ModuleName>
      <Classes />
    </Module>
    <Module skippedDueTo="Filter" hash="E0-AC-67-F1-8F-D5-7B-97-78-D8-7C-19-2A-28-FB-FF-FE-DD-CD-B4">
      <ModulePath>C:\Program Files\dotnet\shared\Microsoft.NETCore.App\5.0.8\System.Net.NameResolution.dll</ModulePath>
      <ModuleTime>2021-06-15T22:37:38Z</ModuleTime>
      <ModuleName>System.Net.NameResolution</ModuleName>
      <Classes />
    </Module>
    <Module skippedDueTo="Filter" hash="25-2D-D0-30-BE-3F-F0-A2-92-FF-C5-98-14-77-7D-5F-39-78-5D-5C">
      <ModulePath>C:\Program Files\dotnet\shared\Microsoft.NETCore.App\5.0.8\System.Threading.Overlapped.dll</ModulePath>
      <ModuleTime>2021-06-15T22:36:12Z</ModuleTime>
      <ModuleName>System.Threading.Overlapped</ModuleName>
      <Classes />
    </Module>
    <Module skippedDueTo="Filter" hash="EC-65-DF-60-F3-F3-61-51-19-DD-96-71-63-3F-80-C8-34-75-BE-84">
      <ModulePath>C:\Users\vrmpr\OneDrive\Documentos\Projetos\Volvo\VolvoLab.Caminhoes\VolvoLab.Caminhoes.Application.Test\bin\Debug\net5.0\testhost.dll</ModulePath>
      <ModuleTime>2021-05-25T17:59:18Z</ModuleTime>
      <ModuleName>testhost</ModuleName>
      <Classes />
    </Module>
    <Module skippedDueTo="Filter" hash="8F-32-18-FF-71-08-41-EC-44-90-CA-52-38-55-B7-7C-2F-0B-D9-2A">
      <ModulePath>C:\Users\vrmpr\OneDrive\Documentos\Projetos\Volvo\VolvoLab.Caminhoes\VolvoLab.Caminhoes.Application.Test\bin\Debug\net5.0\Microsoft.TestPlatform.CoreUtilities.dll</ModulePath>
      <ModuleTime>2021-05-25T17:50:38Z</ModuleTime>
      <ModuleName>Microsoft.TestPlatform.CoreUtilities</ModuleName>
      <Classes />
    </Module>
    <Module skippedDueTo="Filter" hash="B5-53-D1-FF-40-2E-22-50-8C-DA-87-65-F1-A3-C1-A8-24-44-83-1F">
      <ModulePath>C:\Users\vrmpr\OneDrive\Documentos\Projetos\Volvo\VolvoLab.Caminhoes\VolvoLab.Caminhoes.Application.Test\bin\Debug\net5.0\Microsoft.TestPlatform.PlatformAbstractions.dll</ModulePath>
      <ModuleTime>2021-05-25T17:59:16Z</ModuleTime>
      <ModuleName>Microsoft.TestPlatform.PlatformAbstractions</ModuleName>
      <Classes />
    </Module>
    <Module skippedDueTo="Filter" hash="69-7A-6A-9C-1D-3C-A5-EC-CD-BB-F9-1E-08-86-E3-02-47-DE-8F-A6">
      <ModulePath>C:\Users\vrmpr\OneDrive\Documentos\Projetos\Volvo\VolvoLab.Caminhoes\VolvoLab.Caminhoes.Application.Test\bin\Debug\net5.0\Microsoft.TestPlatform.CrossPlatEngine.dll</ModulePath>
      <ModuleTime>2021-05-25T17:59:18Z</ModuleTime>
      <ModuleName>Microsoft.TestPlatform.CrossPlatEngine</ModuleName>
      <Classes />
    </Module>
    <Module skippedDueTo="Filter" hash="0B-2D-BC-6A-89-AC-23-76-54-8E-50-16-3C-8C-67-EC-EB-A3-D5-CE">
      <ModulePath>C:\Users\vrmpr\OneDrive\Documentos\Projetos\Volvo\VolvoLab.Caminhoes\VolvoLab.Caminhoes.Application.Test\bin\Debug\net5.0\Microsoft.TestPlatform.CommunicationUtilities.dll</ModulePath>
      <ModuleTime>2021-05-25T17:59:18Z</ModuleTime>
      <ModuleName>Microsoft.TestPlatform.CommunicationUtilities</ModuleName>
      <Classes />
    </Module>
    <Module skippedDueTo="Filter" hash="9C-6D-49-D1-3B-64-36-8F-AB-B5-2C-76-1E-D1-BA-68-33-B0-39-CF">
      <ModulePath>C:\Users\vrmpr\OneDrive\Documentos\Projetos\Volvo\VolvoLab.Caminhoes\VolvoLab.Caminhoes.Application.Test\bin\Debug\net5.0\Microsoft.VisualStudio.TestPlatform.ObjectModel.dll</ModulePath>
      <ModuleTime>2021-05-25T17:51:26Z</ModuleTime>
      <ModuleName>Microsoft.VisualStudio.TestPlatform.ObjectModel</ModuleName>
      <Classes />
    </Module>
    <Module skippedDueTo="Filter" hash="57-E2-C3-4F-9B-5A-3A-AF-EA-19-7B-B8-B4-F5-1E-C9-DF-C2-71-10">
      <ModulePath>C:\Users\vrmpr\OneDrive\Documentos\Projetos\Volvo\VolvoLab.Caminhoes\VolvoLab.Caminhoes.Application.Test\bin\Debug\net5.0\Microsoft.VisualStudio.TestPlatform.Common.dll</ModulePath>
      <ModuleTime>2021-05-25T17:59:22Z</ModuleTime>
      <ModuleName>Microsoft.VisualStudio.TestPlatform.Common</ModuleName>
      <Classes />
    </Module>
    <Module skippedDueTo="Filter" hash="FC-B1-09-E5-22-16-6B-25-6D-30-9D-DF-40-6E-AA-B9-99-37-B2-45">
      <ModulePath>C:\Users\vrmpr\OneDrive\Documentos\Projetos\Volvo\VolvoLab.Caminhoes\VolvoLab.Caminhoes.Application.Test\bin\Debug\net5.0\Newtonsoft.Json.dll</ModulePath>
      <ModuleTime>2017-03-20T23:03:18Z</ModuleTime>
      <ModuleName>Newtonsoft.Json</ModuleName>
      <Classes />
    </Module>
    <Module skippedDueTo="Filter" hash="EF-58-A1-A0-F8-EA-53-79-9C-93-78-6A-72-00-7D-D9-A5-D9-86-C1">
      <ModulePath>C:\Program Files\dotnet\shared\Microsoft.NETCore.App\5.0.8\System.Runtime.Serialization.Primitives.dll</ModulePath>
      <ModuleTime>2021-06-15T22:36:40Z</ModuleTime>
      <ModuleName>System.Runtime.Serialization.Primitives</ModuleName>
      <Classes />
    </Module>
    <Module skippedDueTo="Filter" hash="CF-0C-B0-5C-3D-F6-A7-3F-BA-35-17-9F-31-3F-16-8C-8E-9B-8C-30">
      <ModulePath>C:\Program Files\dotnet\shared\Microsoft.NETCore.App\5.0.8\System.Linq.Expressions.dll</ModulePath>
      <ModuleTime>2021-06-15T22:37:36Z</ModuleTime>
      <ModuleName>System.Linq.Expressions</ModuleName>
      <Classes />
    </Module>
    <Module skippedDueTo="Filter" hash="3A-47-09-40-4D-B5-16-C2-90-F5-C6-F8-71-A6-D1-ED-8F-76-C2-92">
      <ModulePath>C:\Program Files\dotnet\shared\Microsoft.NETCore.App\5.0.8\System.Runtime.Numerics.dll</ModulePath>
      <ModuleTime>2021-06-15T22:36:40Z</ModuleTime>
      <ModuleName>System.Runtime.Numerics</ModuleName>
      <Classes />
    </Module>
    <Module skippedDueTo="Filter" hash="A7-60-03-99-FC-40-7D-42-7E-AA-96-9E-EC-E1-8C-FB-01-73-52-E3">
      <ModulePath>C:\Program Files\dotnet\shared\Microsoft.NETCore.App\5.0.8\System.ObjectModel.dll</ModulePath>
      <ModuleTime>2021-06-15T22:36:08Z</ModuleTime>
      <ModuleName>System.ObjectModel</ModuleName>
      <Classes />
    </Module>
    <Module skippedDueTo="Filter" hash="30-A1-A3-07-E0-98-08-92-B0-1F-3D-43-14-49-82-DC-FE-AE-C7-F6">
      <ModulePath>C:\Program Files\dotnet\shared\Microsoft.NETCore.App\5.0.8\System.Data.Common.dll</ModulePath>
      <ModuleTime>2021-06-15T22:37:32Z</ModuleTime>
      <ModuleName>System.Data.Common</ModuleName>
      <Classes />
    </Module>
    <Module skippedDueTo="Filter" hash="02-21-15-4A-BC-6C-13-C6-3D-C0-80-18-87-E7-48-9F-43-5A-74-07">
      <ModulePath>C:\Program Files\dotnet\shared\Microsoft.NETCore.App\5.0.8\System.ComponentModel.TypeConverter.dll</ModulePath>
      <ModuleTime>2021-06-15T22:37:28Z</ModuleTime>
      <ModuleName>System.ComponentModel.TypeConverter</ModuleName>
      <Classes />
    </Module>
    <Module skippedDueTo="Filter" hash="14-88-75-81-30-E7-F8-00-F4-C7-3E-CF-13-86-99-95-A2-C9-65-04">
      <ModulePath>C:\Program Files\dotnet\shared\Microsoft.NETCore.App\5.0.8\System.ComponentModel.dll</ModulePath>
      <ModuleTime>2021-06-15T22:36:32Z</ModuleTime>
      <ModuleName>System.ComponentModel</ModuleName>
      <Classes />
    </Module>
    <Module skippedDueTo="Filter" hash="">
      <ModulePath>RefEmit_InMemoryManifestModule</ModulePath>
      <ModuleTime>0001-01-01T00:00:00</ModuleTime>
      <ModuleName>Anonymously Hosted DynamicMethods Assembly</ModuleName>
      <Classes />
    </Module>
    <Module skippedDueTo="Filter" hash="31-DE-DE-1B-DD-57-2D-10-BE-21-84-74-D8-7E-8D-F6-74-C1-45-FA">
      <ModulePath>C:\Program Files\dotnet\shared\Microsoft.NETCore.App\5.0.8\System.Collections.Specialized.dll</ModulePath>
      <ModuleTime>2021-06-15T22:36:10Z</ModuleTime>
      <ModuleName>System.Collections.Specialized</ModuleName>
      <Classes />
    </Module>
    <Module skippedDueTo="Filter" hash="97-B9-55-8B-08-E7-B1-3F-A4-54-3D-7E-D5-48-A3-E7-5B-3E-72-E0">
      <ModulePath>C:\Program Files\dotnet\shared\Microsoft.NETCore.App\5.0.8\System.Dynamic.Runtime.dll</ModulePath>
      <ModuleTime>2021-06-15T22:37:06Z</ModuleTime>
      <ModuleName>System.Dynamic.Runtime</ModuleName>
      <Classes />
    </Module>
    <Module skippedDueTo="Filter" hash="41-D1-1B-BB-66-D5-FE-1E-69-44-99-B1-77-33-8C-4D-0D-67-0F-8E">
      <ModulePath>C:\Program Files\dotnet\shared\Microsoft.NETCore.App\5.0.8\System.Net.Requests.dll</ModulePath>
      <ModuleTime>2021-06-15T22:37:38Z</ModuleTime>
      <ModuleName>System.Net.Requests</ModuleName>
      <Classes />
    </Module>
    <Module skippedDueTo="Filter" hash="1E-06-FC-73-04-11-B4-74-84-9C-89-C2-88-6A-38-6B-F2-4B-C2-E1">
      <ModulePath>C:\Program Files\dotnet\shared\Microsoft.NETCore.App\5.0.8\System.Net.NetworkInformation.dll</ModulePath>
      <ModuleTime>2021-06-15T22:37:42Z</ModuleTime>
      <ModuleName>System.Net.NetworkInformation</ModuleName>
      <Classes />
    </Module>
    <Module skippedDueTo="Filter" hash="C5-28-40-F8-84-8C-91-E4-1D-63-79-0D-F0-A1-FC-5E-7A-E5-DA-F5">
      <ModulePath>C:\Users\vrmpr\OneDrive\Documentos\Projetos\Volvo\VolvoLab.Caminhoes\VolvoLab.Caminhoes.Application.Test\bin\Debug\net5.0\xunit.runner.visualstudio.dotnetcore.testadapter.dll</ModulePath>
      <ModuleTime>2020-08-03T16:58:40Z</ModuleTime>
      <ModuleName>xunit.runner.visualstudio.dotnetcore.testadapter</ModuleName>
      <Classes />
    </Module>
    <Module skippedDueTo="Filter" hash="92-A0-D3-58-E7-34-2E-3D-A1-E7-3D-FB-27-C7-83-DE-55-A3-79-C1">
      <ModulePath>C:\Users\vrmpr\OneDrive\Documentos\Projetos\Volvo\VolvoLab.Caminhoes\VolvoLab.Caminhoes.Application.Test\bin\Debug\net5.0\xunit.abstractions.dll</ModulePath>
      <ModuleTime>2018-08-25T22:54:14Z</ModuleTime>
      <ModuleName>xunit.abstractions</ModuleName>
      <Classes />
    </Module>
    <Module skippedDueTo="Filter" hash="9D-E3-65-0D-B9-4A-A5-FE-82-F8-C0-4A-71-9F-13-71-79-F5-00-59">
      <ModulePath>C:\Users\vrmpr\OneDrive\Documentos\Projetos\Volvo\VolvoLab.Caminhoes\VolvoLab.Caminhoes.Application.Test\bin\Debug\net5.0\xunit.runner.utility.netcoreapp10.dll</ModulePath>
      <ModuleTime>2018-10-29T07:17:10Z</ModuleTime>
      <ModuleName>xunit.runner.utility.netcoreapp10</ModuleName>
      <Classes />
    </Module>
    <Module skippedDueTo="Filter" hash="D7-44-5A-74-09-F2-DE-73-A7-E6-6B-03-10-A9-4E-67-22-C4-A8-7A">
      <ModulePath>C:\Users\vrmpr\OneDrive\Documentos\Projetos\Volvo\VolvoLab.Caminhoes\VolvoLab.Caminhoes.Application.Test\bin\Debug\net5.0\pt-BR\Microsoft.VisualStudio.TestPlatform.Common.resources.dll</ModulePath>
      <ModuleTime>2021-05-25T17:58:34Z</ModuleTime>
      <ModuleName>Microsoft.VisualStudio.TestPlatform.Common.resources</ModuleName>
      <Classes />
    </Module>
    <Module skippedDueTo="Filter" hash="C1-E6-95-46-6B-22-AB-AD-8C-29-08-C6-4F-A8-BC-C8-E3-D9-B3-83">
      <ModulePath>C:\Users\vrmpr\OneDrive\Documentos\Projetos\Volvo\VolvoLab.Caminhoes\VolvoLab.Caminhoes.Application.Test\bin\Debug\net5.0\NuGet.Frameworks.dll</ModulePath>
      <ModuleTime>2019-04-01T21:23:50Z</ModuleTime>
      <ModuleName>NuGet.Frameworks</ModuleName>
      <Classes />
    </Module>
    <Module skippedDueTo="Filter" hash="33-E0-31-1C-57-33-D1-22-05-4A-F6-7D-13-E9-3E-E5-24-41-85-8B">
      <ModulePath>C:\Program Files\dotnet\shared\Microsoft.NETCore.App\5.0.8\System.Security.Principal.Windows.dll</ModulePath>
      <ModuleTime>2021-06-15T22:36:12Z</ModuleTime>
      <ModuleName>System.Security.Principal.Windows</ModuleName>
      <Classes />
    </Module>
    <Module skippedDueTo="Filter" hash="43-CE-36-6C-29-00-79-E0-EE-8B-5B-C2-E1-B0-86-80-DE-5E-65-36">
      <ModulePath>C:\Program Files\dotnet\shared\Microsoft.NETCore.App\5.0.8\System.Security.Claims.dll</ModulePath>
      <ModuleTime>2021-06-15T22:36:40Z</ModuleTime>
      <ModuleName>System.Security.Claims</ModuleName>
      <Classes />
    </Module>
    <Module skippedDueTo="Filter" hash="FF-B9-AE-26-A3-75-2B-21-2D-6D-A2-D4-3E-FD-17-A8-01-FB-1C-D1">
      <ModulePath>C:\Users\vrmpr\OneDrive\Documentos\Projetos\Volvo\VolvoLab.Caminhoes\VolvoLab.Caminhoes.Application.Test\bin\Debug\net5.0\VolvoLab.Caminhoes.Tests.dll</ModulePath>
      <ModuleTime>2021-07-26T00:32:49.0860796Z</ModuleTime>
      <ModuleName>VolvoLab.Caminhoes.Tests</ModuleName>
      <Classes />
    </Module>
    <Module skippedDueTo="Filter" hash="04-8A-E8-86-D2-B9-0C-14-B0-FB-AC-8F-85-2A-95-37-A1-72-00-13">
      <ModulePath>C:\Users\vrmpr\OneDrive\Documentos\Projetos\Volvo\VolvoLab.Caminhoes\VolvoLab.Caminhoes.Application.Test\bin\Debug\net5.0\xunit.core.dll</ModulePath>
      <ModuleTime>2018-10-29T07:16:58Z</ModuleTime>
      <ModuleName>xunit.core</ModuleName>
      <Classes />
    </Module>
    <Module skippedDueTo="Filter" hash="63-08-49-71-1F-21-5B-C0-79-BE-D6-00-AA-81-A1-B8-4B-2C-DD-CF">
      <ModulePath>C:\Program Files\dotnet\shared\Microsoft.NETCore.App\5.0.8\System.Security.Cryptography.Encoding.dll</ModulePath>
      <ModuleTime>2021-06-15T22:37:02Z</ModuleTime>
      <ModuleName>System.Security.Cryptography.Encoding</ModuleName>
      <Classes />
    </Module>
    <Module hash="17-28-C1-7F-82-8A-CF-03-AE-B1-38-1C-9A-B1-5D-AC-7D-8A-A6-33">
      <Summary numSequencePoints="14" visitedSequencePoints="14" numBranchPoints="14" visitedBranchPoints="14" sequenceCoverage="100" branchCoverage="100" maxCyclomaticComplexity="1" minCyclomaticComplexity="1" maxCrapScore="2" minCrapScore="1" visitedClasses="2" numClasses="2" visitedMethods="14" numMethods="14" />
      <ModulePath>C:\Users\vrmpr\OneDrive\Documentos\Projetos\Volvo\VolvoLab.Caminhoes\VolvoLab.Caminhoes.Application.Test\bin\Debug\net5.0\VolvoLab.Caminhoes.Domain.dll</ModulePath>
      <ModuleTime>2021-07-25T22:18:07.1131176Z</ModuleTime>
      <ModuleName>VolvoLab.Caminhoes.Domain</ModuleName>
      <Files>
        <File uid="1" fullPath="C:\Users\vrmpr\OneDrive\Documentos\Projetos\Volvo\VolvoLab.Caminhoes\VolvoLab.Caminhoes.Domain\Entities\Caminhao.cs" />
        <File uid="2" fullPath="C:\Users\vrmpr\OneDrive\Documentos\Projetos\Volvo\VolvoLab.Caminhoes\VolvoLab.Caminhoes.Domain\Entities\CaminhaoModelo.cs" />
      </Files>
      <Classes>
        <Class>
          <Summary numSequencePoints="0" visitedSequencePoints="0" numBranchPoints="0" visitedBranchPoints="0" sequenceCoverage="0" branchCoverage="0" maxCyclomaticComplexity="0" minCyclomaticComplexity="0" maxCrapScore="0" minCrapScore="0" visitedClasses="0" numClasses="0" visitedMethods="0" numMethods="0" />
          <FullName>&lt;Module&gt;</FullName>
          <Methods />
        </Class>
        <Class>
          <Summary numSequencePoints="10" visitedSequencePoints="10" numBranchPoints="10" visitedBranchPoints="10" sequenceCoverage="100" branchCoverage="100" maxCyclomaticComplexity="1" minCyclomaticComplexity="1" maxCrapScore="2" minCrapScore="1" visitedClasses="1" numClasses="1" visitedMethods="10" numMethods="10" />
          <FullName>VolvoLab.Caminhoes.Domain.Entities.Caminhao</FullName>
          <Methods>
            <Method visited="true" cyclomaticComplexity="1" nPathComplexity="0" sequenceCoverage="100" branchCoverage="100" crapScore="1" isConstructor="false" isStatic="false" isGetter="true" isSetter="false">
              <Summary numSequencePoints="1" visitedSequencePoints="1" numBranchPoints="1" visitedBranchPoints="1" sequenceCoverage="100" branchCoverage="100" maxCyclomaticComplexity="1" minCyclomaticComplexity="1" maxCrapScore="1" minCrapScore="1" visitedClasses="0" numClasses="0" visitedMethods="1" numMethods="1" />
              <MetadataToken>100663303</MetadataToken>
              <Name>System.Guid VolvoLab.Caminhoes.Domain.Entities.Caminhao::get_Id()</Name>
              <FileRef uid="1" />
              <SequencePoints>
                <SequencePoint vc="3" uspid="1" ordinal="0" offset="0" sl="9" sc="26" el="9" ec="30" bec="0" bev="0" fileid="1" />
              </SequencePoints>
              <BranchPoints />
              <MethodPoint xsi:type="SequencePoint" vc="3" uspid="1" ordinal="0" offset="0" sl="9" sc="26" el="9" ec="30" bec="0" bev="0" fileid="1" />
            </Method>
            <Method visited="true" cyclomaticComplexity="1" nPathComplexity="0" sequenceCoverage="100" branchCoverage="100" crapScore="1" isConstructor="false" isStatic="false" isGetter="false" isSetter="true">
              <Summary numSequencePoints="1" visitedSequencePoints="1" numBranchPoints="1" visitedBranchPoints="1" sequenceCoverage="100" branchCoverage="100" maxCyclomaticComplexity="1" minCyclomaticComplexity="1" maxCrapScore="1" minCrapScore="1" visitedClasses="0" numClasses="0" visitedMethods="1" numMethods="1" />
              <MetadataToken>100663304</MetadataToken>
              <Name>System.Void VolvoLab.Caminhoes.Domain.Entities.Caminhao::set_Id(System.Guid)</Name>
              <FileRef uid="1" />
              <SequencePoints>
                <SequencePoint vc="5" uspid="2" ordinal="0" offset="0" sl="9" sc="31" el="9" ec="35" bec="0" bev="0" fileid="1" />
              </SequencePoints>
              <BranchPoints />
              <MethodPoint xsi:type="SequencePoint" vc="5" uspid="2" ordinal="0" offset="0" sl="9" sc="31" el="9" ec="35" bec="0" bev="0" fileid="1" />
            </Method>
            <Method visited="true" cyclomaticComplexity="1" nPathComplexity="0" sequenceCoverage="100" branchCoverage="100" crapScore="1" isConstructor="false" isStatic="false" isGetter="true" isSetter="false">
              <Summary numSequencePoints="1" visitedSequencePoints="1" numBranchPoints="1" visitedBranchPoints="1" sequenceCoverage="100" branchCoverage="100" maxCyclomaticComplexity="1" minCyclomaticComplexity="1" maxCrapScore="1" minCrapScore="1" visitedClasses="0" numClasses="0" visitedMethods="1" numMethods="1" />
              <MetadataToken>100663305</MetadataToken>
              <Name>System.String VolvoLab.Caminhoes.Domain.Entities.Caminhao::get_NumSerie()</Name>
              <FileRef uid="1" />
              <SequencePoints>
                <SequencePoint vc="3" uspid="3" ordinal="0" offset="0" sl="11" sc="34" el="11" ec="38" bec="0" bev="0" fileid="1" />
              </SequencePoints>
              <BranchPoints />
              <MethodPoint xsi:type="SequencePoint" vc="3" uspid="3" ordinal="0" offset="0" sl="11" sc="34" el="11" ec="38" bec="0" bev="0" fileid="1" />
            </Method>
            <Method visited="true" cyclomaticComplexity="1" nPathComplexity="0" sequenceCoverage="100" branchCoverage="100" crapScore="1" isConstructor="false" isStatic="false" isGetter="false" isSetter="true">
              <Summary numSequencePoints="1" visitedSequencePoints="1" numBranchPoints="1" visitedBranchPoints="1" sequenceCoverage="100" branchCoverage="100" maxCyclomaticComplexity="1" minCyclomaticComplexity="1" maxCrapScore="1" minCrapScore="1" visitedClasses="0" numClasses="0" visitedMethods="1" numMethods="1" />
              <MetadataToken>100663306</MetadataToken>
              <Name>System.Void VolvoLab.Caminhoes.Domain.Entities.Caminhao::set_NumSerie(System.String)</Name>
              <FileRef uid="1" />
              <SequencePoints>
                <SequencePoint vc="5" uspid="4" ordinal="0" offset="0" sl="11" sc="39" el="11" ec="43" bec="0" bev="0" fileid="1" />
              </SequencePoints>
              <BranchPoints />
              <MethodPoint xsi:type="SequencePoint" vc="5" uspid="4" ordinal="0" offset="0" sl="11" sc="39" el="11" ec="43" bec="0" bev="0" fileid="1" />
            </Method>
            <Method visited="true" cyclomaticComplexity="1" nPathComplexity="0" sequenceCoverage="100" branchCoverage="100" crapScore="1" isConstructor="false" isStatic="false" isGetter="true" isSetter="false">
              <Summary numSequencePoints="1" visitedSequencePoints="1" numBranchPoints="1" visitedBranchPoints="1" sequenceCoverage="100" branchCoverage="100" maxCyclomaticComplexity="1" minCyclomaticComplexity="1" maxCrapScore="1" minCrapScore="1" visitedClasses="0" numClasses="0" visitedMethods="1" numMethods="1" />
              <MetadataToken>100663307</MetadataToken>
              <Name>System.String VolvoLab.Caminhoes.Domain.Entities.Caminhao::get_Modelo()</Name>
              <FileRef uid="1" />
              <SequencePoints>
                <SequencePoint vc="3" uspid="5" ordinal="0" offset="0" sl="13" sc="32" el="13" ec="36" bec="0" bev="0" fileid="1" />
              </SequencePoints>
              <BranchPoints />
              <MethodPoint xsi:type="SequencePoint" vc="3" uspid="5" ordinal="0" offset="0" sl="13" sc="32" el="13" ec="36" bec="0" bev="0" fileid="1" />
            </Method>
            <Method visited="true" cyclomaticComplexity="1" nPathComplexity="0" sequenceCoverage="100" branchCoverage="100" crapScore="1" isConstructor="false" isStatic="false" isGetter="false" isSetter="true">
              <Summary numSequencePoints="1" visitedSequencePoints="1" numBranchPoints="1" visitedBranchPoints="1" sequenceCoverage="100" branchCoverage="100" maxCyclomaticComplexity="1" minCyclomaticComplexity="1" maxCrapScore="1" minCrapScore="1" visitedClasses="0" numClasses="0" visitedMethods="1" numMethods="1" />
              <MetadataToken>100663308</MetadataToken>
              <Name>System.Void VolvoLab.Caminhoes.Domain.Entities.Caminhao::set_Modelo(System.String)</Name>
              <FileRef uid="1" />
              <SequencePoints>
                <SequencePoint vc="5" uspid="6" ordinal="0" offset="0" sl="13" sc="37" el="13" ec="41" bec="0" bev="0" fileid="1" />
              </SequencePoints>
              <BranchPoints />
              <MethodPoint xsi:type="SequencePoint" vc="5" uspid="6" ordinal="0" offset="0" sl="13" sc="37" el="13" ec="41" bec="0" bev="0" fileid="1" />
            </Method>
            <Method visited="true" cyclomaticComplexity="1" nPathComplexity="0" sequenceCoverage="100" branchCoverage="100" crapScore="1" isConstructor="false" isStatic="false" isGetter="true" isSetter="false">
              <Summary numSequencePoints="1" visitedSequencePoints="1" numBranchPoints="1" visitedBranchPoints="1" sequenceCoverage="100" branchCoverage="100" maxCyclomaticComplexity="1" minCyclomaticComplexity="1" maxCrapScore="1" minCrapScore="1" visitedClasses="0" numClasses="0" visitedMethods="1" numMethods="1" />
              <MetadataToken>100663309</MetadataToken>
              <Name>System.Int32 VolvoLab.Caminhoes.Domain.Entities.Caminhao::get_AnoFab()</Name>
              <FileRef uid="1" />
              <SequencePoints>
                <SequencePoint vc="3" uspid="7" ordinal="0" offset="0" sl="15" sc="29" el="15" ec="33" bec="0" bev="0" fileid="1" />
              </SequencePoints>
              <BranchPoints />
              <MethodPoint xsi:type="SequencePoint" vc="3" uspid="7" ordinal="0" offset="0" sl="15" sc="29" el="15" ec="33" bec="0" bev="0" fileid="1" />
            </Method>
            <Method visited="true" cyclomaticComplexity="1" nPathComplexity="0" sequenceCoverage="100" branchCoverage="100" crapScore="1" isConstructor="false" isStatic="false" isGetter="false" isSetter="true">
              <Summary numSequencePoints="1" visitedSequencePoints="1" numBranchPoints="1" visitedBranchPoints="1" sequenceCoverage="100" branchCoverage="100" maxCyclomaticComplexity="1" minCyclomaticComplexity="1" maxCrapScore="1" minCrapScore="1" visitedClasses="0" numClasses="0" visitedMethods="1" numMethods="1" />
              <MetadataToken>100663310</MetadataToken>
              <Name>System.Void VolvoLab.Caminhoes.Domain.Entities.Caminhao::set_AnoFab(System.Int32)</Name>
              <FileRef uid="1" />
              <SequencePoints>
                <SequencePoint vc="5" uspid="8" ordinal="0" offset="0" sl="15" sc="34" el="15" ec="38" bec="0" bev="0" fileid="1" />
              </SequencePoints>
              <BranchPoints />
              <MethodPoint xsi:type="SequencePoint" vc="5" uspid="8" ordinal="0" offset="0" sl="15" sc="34" el="15" ec="38" bec="0" bev="0" fileid="1" />
            </Method>
            <Method visited="true" cyclomaticComplexity="1" nPathComplexity="0" sequenceCoverage="100" branchCoverage="100" crapScore="1" isConstructor="false" isStatic="false" isGetter="true" isSetter="false">
              <Summary numSequencePoints="1" visitedSequencePoints="1" numBranchPoints="1" visitedBranchPoints="1" sequenceCoverage="100" branchCoverage="100" maxCyclomaticComplexity="1" minCyclomaticComplexity="1" maxCrapScore="1" minCrapScore="1" visitedClasses="0" numClasses="0" visitedMethods="1" numMethods="1" />
              <MetadataToken>100663311</MetadataToken>
              <Name>System.Int32 VolvoLab.Caminhoes.Domain.Entities.Caminhao::get_AnoMod()</Name>
              <FileRef uid="1" />
              <SequencePoints>
                <SequencePoint vc="3" uspid="9" ordinal="0" offset="0" sl="17" sc="30" el="17" ec="34" bec="0" bev="0" fileid="1" />
              </SequencePoints>
              <BranchPoints />
              <MethodPoint xsi:type="SequencePoint" vc="3" uspid="9" ordinal="0" offset="0" sl="17" sc="30" el="17" ec="34" bec="0" bev="0" fileid="1" />
            </Method>
            <Method visited="true" cyclomaticComplexity="1" nPathComplexity="0" sequenceCoverage="100" branchCoverage="100" crapScore="1" isConstructor="false" isStatic="false" isGetter="false" isSetter="true">
              <Summary numSequencePoints="1" visitedSequencePoints="1" numBranchPoints="1" visitedBranchPoints="1" sequenceCoverage="100" branchCoverage="100" maxCyclomaticComplexity="1" minCyclomaticComplexity="1" maxCrapScore="1" minCrapScore="1" visitedClasses="0" numClasses="0" visitedMethods="1" numMethods="1" />
              <MetadataToken>100663312</MetadataToken>
              <Name>System.Void VolvoLab.Caminhoes.Domain.Entities.Caminhao::set_AnoMod(System.Int32)</Name>
              <FileRef uid="1" />
              <SequencePoints>
                <SequencePoint vc="5" uspid="10" ordinal="0" offset="0" sl="17" sc="35" el="17" ec="39" bec="0" bev="0" fileid="1" />
              </SequencePoints>
              <BranchPoints />
              <MethodPoint xsi:type="SequencePoint" vc="5" uspid="10" ordinal="0" offset="0" sl="17" sc="35" el="17" ec="39" bec="0" bev="0" fileid="1" />
            </Method>
            <Method visited="false" cyclomaticComplexity="1" nPathComplexity="0" sequenceCoverage="0" branchCoverage="0" crapScore="2" isConstructor="true" isStatic="false" isGetter="false" isSetter="false">
              <Summary numSequencePoints="0" visitedSequencePoints="0" numBranchPoints="0" visitedBranchPoints="0" sequenceCoverage="0" branchCoverage="0" maxCyclomaticComplexity="1" minCyclomaticComplexity="1" maxCrapScore="2" minCrapScore="2" visitedClasses="0" numClasses="0" visitedMethods="0" numMethods="0" />
              <MetadataToken>100663313</MetadataToken>
              <Name>System.Void VolvoLab.Caminhoes.Domain.Entities.Caminhao::.ctor()</Name>
              <SequencePoints />
              <BranchPoints />
              <MethodPoint vc="0" uspid="11" ordinal="0" offset="0" />
            </Method>
          </Methods>
        </Class>
        <Class>
          <Summary numSequencePoints="4" visitedSequencePoints="4" numBranchPoints="4" visitedBranchPoints="4" sequenceCoverage="100" branchCoverage="100" maxCyclomaticComplexity="1" minCyclomaticComplexity="1" maxCrapScore="2" minCrapScore="1" visitedClasses="1" numClasses="1" visitedMethods="4" numMethods="4" />
          <FullName>VolvoLab.Caminhoes.Domain.Entities.CaminhaoModelo</FullName>
          <Methods>
            <Method visited="true" cyclomaticComplexity="1" nPathComplexity="0" sequenceCoverage="100" branchCoverage="100" crapScore="1" isConstructor="false" isStatic="false" isGetter="true" isSetter="false">
              <Summary numSequencePoints="1" visitedSequencePoints="1" numBranchPoints="1" visitedBranchPoints="1" sequenceCoverage="100" branchCoverage="100" maxCyclomaticComplexity="1" minCyclomaticComplexity="1" maxCrapScore="1" minCrapScore="1" visitedClasses="0" numClasses="0" visitedMethods="1" numMethods="1" />
              <MetadataToken>100663314</MetadataToken>
              <Name>System.Guid VolvoLab.Caminhoes.Domain.Entities.CaminhaoModelo::get_Id()</Name>
              <FileRef uid="2" />
              <SequencePoints>
                <SequencePoint vc="1" uspid="12" ordinal="0" offset="0" sl="8" sc="26" el="8" ec="30" bec="0" bev="0" fileid="2" />
              </SequencePoints>
              <BranchPoints />
              <MethodPoint xsi:type="SequencePoint" vc="1" uspid="12" ordinal="0" offset="0" sl="8" sc="26" el="8" ec="30" bec="0" bev="0" fileid="2" />
            </Method>
            <Method visited="true" cyclomaticComplexity="1" nPathComplexity="0" sequenceCoverage="100" branchCoverage="100" crapScore="1" isConstructor="false" isStatic="false" isGetter="false" isSetter="true">
              <Summary numSequencePoints="1" visitedSequencePoints="1" numBranchPoints="1" visitedBranchPoints="1" sequenceCoverage="100" branchCoverage="100" maxCyclomaticComplexity="1" minCyclomaticComplexity="1" maxCrapScore="1" minCrapScore="1" visitedClasses="0" numClasses="0" visitedMethods="1" numMethods="1" />
              <MetadataToken>100663315</MetadataToken>
              <Name>System.Void VolvoLab.Caminhoes.Domain.Entities.CaminhaoModelo::set_Id(System.Guid)</Name>
              <FileRef uid="2" />
              <SequencePoints>
                <SequencePoint vc="1" uspid="13" ordinal="0" offset="0" sl="8" sc="31" el="8" ec="35" bec="0" bev="0" fileid="2" />
              </SequencePoints>
              <BranchPoints />
              <MethodPoint xsi:type="SequencePoint" vc="1" uspid="13" ordinal="0" offset="0" sl="8" sc="31" el="8" ec="35" bec="0" bev="0" fileid="2" />
            </Method>
            <Method visited="true" cyclomaticComplexity="1" nPathComplexity="0" sequenceCoverage="100" branchCoverage="100" crapScore="1" isConstructor="false" isStatic="false" isGetter="true" isSetter="false">
              <Summary numSequencePoints="1" visitedSequencePoints="1" numBranchPoints="1" visitedBranchPoints="1" sequenceCoverage="100" branchCoverage="100" maxCyclomaticComplexity="1" minCyclomaticComplexity="1" maxCrapScore="1" minCrapScore="1" visitedClasses="0" numClasses="0" visitedMethods="1" numMethods="1" />
              <MetadataToken>100663316</MetadataToken>
              <Name>System.String VolvoLab.Caminhoes.Domain.Entities.CaminhaoModelo::get_Nome()</Name>
              <FileRef uid="2" />
              <SequencePoints>
                <SequencePoint vc="17" uspid="14" ordinal="0" offset="0" sl="10" sc="30" el="10" ec="34" bec="0" bev="0" fileid="2" />
              </SequencePoints>
              <BranchPoints />
              <MethodPoint xsi:type="SequencePoint" vc="17" uspid="14" ordinal="0" offset="0" sl="10" sc="30" el="10" ec="34" bec="0" bev="0" fileid="2" />
            </Method>
            <Method visited="true" cyclomaticComplexity="1" nPathComplexity="0" sequenceCoverage="100" branchCoverage="100" crapScore="1" isConstructor="false" isStatic="false" isGetter="false" isSetter="true">
              <Summary numSequencePoints="1" visitedSequencePoints="1" numBranchPoints="1" visitedBranchPoints="1" sequenceCoverage="100" branchCoverage="100" maxCyclomaticComplexity="1" minCyclomaticComplexity="1" maxCrapScore="1" minCrapScore="1" visitedClasses="0" numClasses="0" visitedMethods="1" numMethods="1" />
              <MetadataToken>100663317</MetadataToken>
              <Name>System.Void VolvoLab.Caminhoes.Domain.Entities.CaminhaoModelo::set_Nome(System.String)</Name>
              <FileRef uid="2" />
              <SequencePoints>
                <SequencePoint vc="1" uspid="15" ordinal="0" offset="0" sl="10" sc="35" el="10" ec="39" bec="0" bev="0" fileid="2" />
              </SequencePoints>
              <BranchPoints />
              <MethodPoint xsi:type="SequencePoint" vc="1" uspid="15" ordinal="0" offset="0" sl="10" sc="35" el="10" ec="39" bec="0" bev="0" fileid="2" />
            </Method>
            <Method visited="false" cyclomaticComplexity="1" nPathComplexity="0" sequenceCoverage="0" branchCoverage="0" crapScore="2" isConstructor="true" isStatic="false" isGetter="false" isSetter="false">
              <Summary numSequencePoints="0" visitedSequencePoints="0" numBranchPoints="0" visitedBranchPoints="0" sequenceCoverage="0" branchCoverage="0" maxCyclomaticComplexity="1" minCyclomaticComplexity="1" maxCrapScore="2" minCrapScore="2" visitedClasses="0" numClasses="0" visitedMethods="0" numMethods="0" />
              <MetadataToken>100663318</MetadataToken>
              <Name>System.Void VolvoLab.Caminhoes.Domain.Entities.CaminhaoModelo::.ctor()</Name>
              <SequencePoints />
              <BranchPoints />
              <MethodPoint vc="0" uspid="16" ordinal="0" offset="0" />
            </Method>
          </Methods>
        </Class>
      </Classes>
    </Module>
    <Module skippedDueTo="Filter" hash="1D-98-9B-00-38-44-A9-BF-0F-5C-BE-92-2C-3A-3B-94-E7-75-FB-9D">
      <ModulePath>C:\Users\vrmpr\OneDrive\Documentos\Projetos\Volvo\VolvoLab.Caminhoes\VolvoLab.Caminhoes.Application.Test\bin\Debug\net5.0\AutoMapper.dll</ModulePath>
      <ModuleTime>2020-10-16T15:36:54Z</ModuleTime>
      <ModuleName>AutoMapper</ModuleName>
      <Classes />
    </Module>
    <Module skippedDueTo="Filter" hash="1B-C8-5E-15-86-C8-33-45-A1-6A-73-C1-FC-AD-DF-63-1C-24-B8-23">
      <ModulePath>C:\Users\vrmpr\OneDrive\Documentos\Projetos\Volvo\VolvoLab.Caminhoes\VolvoLab.Caminhoes.Application.Test\bin\Debug\net5.0\Castle.Core.dll</ModulePath>
      <ModuleTime>2019-04-05T04:50:28Z</ModuleTime>
      <ModuleName>Castle.Core</ModuleName>
      <Classes />
    </Module>
    <Module skippedDueTo="Filter" hash="C3-84-ED-05-F2-B9-E2-EA-53-D8-59-B8-56-DA-6F-A8-6C-4C-29-85">
      <ModulePath>C:\Users\vrmpr\OneDrive\Documentos\Projetos\Volvo\VolvoLab.Caminhoes\VolvoLab.Caminhoes.Application.Test\bin\Debug\net5.0\FluentValidation.dll</ModulePath>
      <ModuleTime>2021-07-09T09:08:14Z</ModuleTime>
      <ModuleName>FluentValidation</ModuleName>
      <Classes />
    </Module>
    <Module skippedDueTo="Filter" hash="76-6C-5B-F3-32-47-F5-D3-99-F4-10-87-3F-46-40-C3-5F-BC-88-5E">
      <ModulePath>C:\Users\vrmpr\OneDrive\Documentos\Projetos\Volvo\VolvoLab.Caminhoes\VolvoLab.Caminhoes.Application.Test\bin\Debug\net5.0\Humanizer.dll</ModulePath>
      <ModuleTime>2020-06-02T16:07:58Z</ModuleTime>
      <ModuleName>Humanizer</ModuleName>
      <Classes />
    </Module>
    <Module skippedDueTo="Filter" hash="68-2D-F6-6F-41-3A-1B-83-01-06-59-08-79-60-AA-5B-EF-EC-0E-5C">
      <ModulePath>C:\Program Files\dotnet\shared\Microsoft.AspNetCore.App\5.0.8\Microsoft.AspNetCore.Cryptography.Internal.dll</ModulePath>
      <ModuleTime>2021-06-18T21:16:12Z</ModuleTime>
      <ModuleName>Microsoft.AspNetCore.Cryptography.Internal</ModuleName>
      <Classes />
    </Module>
    <Module skippedDueTo="Filter" hash="82-0C-67-15-F2-50-41-A2-CC-FA-85-48-A4-C5-D2-23-4F-50-C1-51">
      <ModulePath>C:\Program Files\dotnet\shared\Microsoft.AspNetCore.App\5.0.8\Microsoft.AspNetCore.Cryptography.KeyDerivation.dll</ModulePath>
      <ModuleTime>2021-06-18T21:16:12Z</ModuleTime>
      <ModuleName>Microsoft.AspNetCore.Cryptography.KeyDerivation</ModuleName>
      <Classes />
    </Module>
    <Module skippedDueTo="Filter" hash="2C-E9-BF-C9-89-12-C6-5F-23-44-65-8C-09-EB-74-AC-1A-46-6B-5B">
      <ModulePath>C:\Users\vrmpr\OneDrive\Documentos\Projetos\Volvo\VolvoLab.Caminhoes\VolvoLab.Caminhoes.Application.Test\bin\Debug\net5.0\Microsoft.AspNetCore.Diagnostics.EntityFrameworkCore.dll</ModulePath>
      <ModuleTime>2021-06-18T18:15:52Z</ModuleTime>
      <ModuleName>Microsoft.AspNetCore.Diagnostics.EntityFrameworkCore</ModuleName>
      <Classes />
    </Module>
    <Module skippedDueTo="Filter" hash="EC-11-84-F9-5B-34-12-82-BF-59-7F-64-29-7C-3A-CF-EC-C9-36-0C">
      <ModulePath>C:\Program Files\dotnet\shared\Microsoft.AspNetCore.App\5.0.8\Microsoft.AspNetCore.Http.Abstractions.dll</ModulePath>
      <ModuleTime>2021-06-18T21:16:14Z</ModuleTime>
      <ModuleName>Microsoft.AspNetCore.Http.Abstractions</ModuleName>
      <Classes />
    </Module>
    <Module skippedDueTo="Filter" hash="4E-03-7A-D4-CC-CA-FA-FD-DA-7F-38-70-6B-D7-4B-64-2D-AC-1C-E6">
      <ModulePath>C:\Program Files\dotnet\shared\Microsoft.AspNetCore.App\5.0.8\Microsoft.AspNetCore.Diagnostics.Abstractions.dll</ModulePath>
      <ModuleTime>2021-06-18T21:16:12Z</ModuleTime>
      <ModuleName>Microsoft.AspNetCore.Diagnostics.Abstractions</ModuleName>
      <Classes />
    </Module>
    <Module skippedDueTo="Filter" hash="0B-7C-6F-8D-76-01-93-F2-97-5C-39-7F-06-C7-76-C9-9D-D2-D3-36">
      <ModulePath>C:\Users\vrmpr\OneDrive\Documentos\Projetos\Volvo\VolvoLab.Caminhoes\VolvoLab.Caminhoes.Application.Test\bin\Debug\net5.0\Microsoft.EntityFrameworkCore.dll</ModulePath>
      <ModuleTime>2021-06-15T22:04:46Z</ModuleTime>
      <ModuleName>Microsoft.EntityFrameworkCore</ModuleName>
      <Classes />
    </Module>
    <Module skippedDueTo="Filter" hash="B7-47-2E-3E-8F-B2-66-B2-0A-60-26-13-BB-64-12-73-CD-E3-27-AD">
      <ModulePath>C:\Program Files\dotnet\shared\Microsoft.AspNetCore.App\5.0.8\Microsoft.Extensions.Primitives.dll</ModulePath>
      <ModuleTime>2021-06-18T21:16:06Z</ModuleTime>
      <ModuleName>Microsoft.Extensions.Primitives</ModuleName>
      <Classes />
    </Module>
    <Module skippedDueTo="Filter" hash="6A-F1-B8-CC-08-1A-63-D9-B4-9E-AD-23-31-C7-56-13-74-45-B3-50">
      <ModulePath>C:\Program Files\dotnet\shared\Microsoft.AspNetCore.App\5.0.8\Microsoft.AspNetCore.Http.Features.dll</ModulePath>
      <ModuleTime>2021-06-18T21:16:14Z</ModuleTime>
      <ModuleName>Microsoft.AspNetCore.Http.Features</ModuleName>
      <Classes />
    </Module>
    <Module skippedDueTo="Filter" hash="AA-D0-D1-79-5A-76-63-93-59-03-18-25-41-E6-E3-A4-E8-A8-48-AD">
      <ModulePath>C:\Users\vrmpr\OneDrive\Documentos\Projetos\Volvo\VolvoLab.Caminhoes\VolvoLab.Caminhoes.Application.Test\bin\Debug\net5.0\Microsoft.AspNetCore.Identity.EntityFrameworkCore.dll</ModulePath>
      <ModuleTime>2021-06-18T18:15:22Z</ModuleTime>
      <ModuleName>Microsoft.AspNetCore.Identity.EntityFrameworkCore</ModuleName>
      <Classes />
    </Module>
    <Module skippedDueTo="Filter" hash="38-68-A4-1E-53-6E-7B-A6-A8-19-14-9E-EA-59-31-93-6D-92-FD-9F">
      <ModulePath>C:\Program Files\dotnet\shared\Microsoft.AspNetCore.App\5.0.8\Microsoft.Extensions.Identity.Stores.dll</ModulePath>
      <ModuleTime>2021-06-18T21:16:22Z</ModuleTime>
      <ModuleName>Microsoft.Extensions.Identity.Stores</ModuleName>
      <Classes />
    </Module>
    <Module skippedDueTo="Filter" hash="E5-1E-DE-CC-03-45-47-EA-FC-59-2B-19-BF-68-DA-B9-45-DC-3B-C5">
      <ModulePath>C:\Program Files\dotnet\shared\Microsoft.AspNetCore.App\5.0.8\Microsoft.Extensions.Identity.Core.dll</ModulePath>
      <ModuleTime>2021-06-18T21:16:22Z</ModuleTime>
      <ModuleName>Microsoft.Extensions.Identity.Core</ModuleName>
      <Classes />
    </Module>
    <Module skippedDueTo="Filter" hash="93-CF-F9-BE-F4-D4-EE-E2-3E-1B-91-F5-3E-CC-11-0A-27-DA-81-E9">
      <ModulePath>C:\Users\vrmpr\OneDrive\Documentos\Projetos\Volvo\VolvoLab.Caminhoes\VolvoLab.Caminhoes.Application.Test\bin\Debug\net5.0\Microsoft.AspNetCore.Identity.UI.Views.V4.dll</ModulePath>
      <ModuleTime>2021-06-18T18:16:42Z</ModuleTime>
      <ModuleName>Microsoft.AspNetCore.Identity.UI.Views.V4</ModuleName>
      <Classes />
    </Module>
    <Module skippedDueTo="Filter" hash="E7-B1-E7-02-8A-51-A0-41-3E-E7-9E-DF-72-23-AC-56-64-9A-16-CD">
      <ModulePath>C:\Program Files\dotnet\shared\Microsoft.AspNetCore.App\5.0.8\Microsoft.AspNetCore.Mvc.RazorPages.dll</ModulePath>
      <ModuleTime>2021-06-18T21:16:18Z</ModuleTime>
      <ModuleName>Microsoft.AspNetCore.Mvc.RazorPages</ModuleName>
      <Classes />
    </Module>
    <Module skippedDueTo="Filter" hash="1A-9A-C3-AE-B6-62-33-96-39-F4-6D-B2-81-1B-AA-36-49-AC-0D-D2">
      <ModulePath>C:\Program Files\dotnet\shared\Microsoft.AspNetCore.App\5.0.8\Microsoft.AspNetCore.Mvc.Razor.dll</ModulePath>
      <ModuleTime>2021-06-18T21:16:18Z</ModuleTime>
      <ModuleName>Microsoft.AspNetCore.Mvc.Razor</ModuleName>
      <Classes />
    </Module>
    <Module skippedDueTo="Filter" hash="36-18-0B-8F-D3-77-77-64-3F-B7-5C-C1-D8-A1-8D-43-34-AD-23-4E">
      <ModulePath>C:\Program Files\dotnet\shared\Microsoft.AspNetCore.App\5.0.8\Microsoft.AspNetCore.Razor.dll</ModulePath>
      <ModuleTime>2021-06-18T21:16:18Z</ModuleTime>
      <ModuleName>Microsoft.AspNetCore.Razor</ModuleName>
      <Classes />
    </Module>
    <Module skippedDueTo="Filter" hash="14-93-46-B2-D2-A2-83-E1-CD-CD-A2-EC-85-CD-D6-56-8F-12-89-D5">
      <ModulePath>C:\Program Files\dotnet\shared\Microsoft.AspNetCore.App\5.0.8\Microsoft.AspNetCore.Mvc.ViewFeatures.dll</ModulePath>
      <ModuleTime>2021-06-18T21:16:18Z</ModuleTime>
      <ModuleName>Microsoft.AspNetCore.Mvc.ViewFeatures</ModuleName>
      <Classes />
    </Module>
    <Module skippedDueTo="Filter" hash="3B-4C-41-77-52-07-BF-E7-06-A9-63-FD-56-91-C8-24-82-C9-79-8C">
      <ModulePath>C:\Program Files\dotnet\shared\Microsoft.AspNetCore.App\5.0.8\Microsoft.AspNetCore.Html.Abstractions.dll</ModulePath>
      <ModuleTime>2021-06-18T21:16:14Z</ModuleTime>
      <ModuleName>Microsoft.AspNetCore.Html.Abstractions</ModuleName>
      <Classes />
    </Module>
    <Module skippedDueTo="Filter" hash="1A-C4-19-1C-37-CB-1E-72-13-65-F6-B8-65-7A-98-55-29-AF-CB-67">
      <ModulePath>C:\Users\vrmpr\OneDrive\Documentos\Projetos\Volvo\VolvoLab.Caminhoes\VolvoLab.Caminhoes.Application.Test\bin\Debug\net5.0\Microsoft.AspNetCore.Identity.UI.dll</ModulePath>
      <ModuleTime>2021-06-18T18:16:34Z</ModuleTime>
      <ModuleName>Microsoft.AspNetCore.Identity.UI</ModuleName>
      <Classes />
    </Module>
    <Module skippedDueTo="Filter" hash="89-07-26-78-12-62-C4-41-46-7B-1A-1B-29-E6-40-25-B8-97-EA-68">
      <ModulePath>C:\Program Files\dotnet\shared\Microsoft.AspNetCore.App\5.0.8\Microsoft.Extensions.Options.dll</ModulePath>
      <ModuleTime>2021-06-18T21:16:06Z</ModuleTime>
      <ModuleName>Microsoft.Extensions.Options</ModuleName>
      <Classes />
    </Module>
    <Module skippedDueTo="Filter" hash="AB-9D-C0-6E-E2-AC-AE-F9-CF-15-C7-5D-61-0E-DC-25-A0-06-C0-A3">
      <ModulePath>C:\Program Files\dotnet\shared\Microsoft.AspNetCore.App\5.0.8\Microsoft.AspNetCore.Authentication.Cookies.dll</ModulePath>
      <ModuleTime>2021-06-18T21:16:10Z</ModuleTime>
      <ModuleName>Microsoft.AspNetCore.Authentication.Cookies</ModuleName>
      <Classes />
    </Module>
    <Module skippedDueTo="Filter" hash="50-FF-A2-DA-64-5E-16-F0-89-6D-CB-3A-88-1C-54-91-B3-95-9F-DE">
      <ModulePath>C:\Program Files\dotnet\shared\Microsoft.AspNetCore.App\5.0.8\Microsoft.AspNetCore.Authentication.dll</ModulePath>
      <ModuleTime>2021-06-18T21:16:10Z</ModuleTime>
      <ModuleName>Microsoft.AspNetCore.Authentication</ModuleName>
      <Classes />
    </Module>
    <Module skippedDueTo="Filter" hash="0B-7A-55-CB-FA-B1-BE-2E-29-4C-66-AF-45-85-22-92-E6-02-2F-F1">
      <ModulePath>C:\Program Files\dotnet\shared\Microsoft.AspNetCore.App\5.0.8\Microsoft.AspNetCore.Mvc.Core.dll</ModulePath>
      <ModuleTime>2021-06-18T21:16:16Z</ModuleTime>
      <ModuleName>Microsoft.AspNetCore.Mvc.Core</ModuleName>
      <Classes />
    </Module>
    <Module skippedDueTo="Filter" hash="8A-95-A7-5C-E6-24-16-D1-C2-1C-BF-9A-38-1A-9E-E2-AD-13-2A-A2">
      <ModulePath>C:\Program Files\dotnet\shared\Microsoft.AspNetCore.App\5.0.8\Microsoft.AspNetCore.Mvc.Abstractions.dll</ModulePath>
      <ModuleTime>2021-06-18T21:16:16Z</ModuleTime>
      <ModuleName>Microsoft.AspNetCore.Mvc.Abstractions</ModuleName>
      <Classes />
    </Module>
    <Module skippedDueTo="Filter" hash="DF-68-BD-19-6A-FA-8D-5E-46-88-99-73-B1-23-7E-4C-8E-0C-62-74">
      <ModulePath>C:\Program Files\dotnet\shared\Microsoft.AspNetCore.App\5.0.8\Microsoft.AspNetCore.Authentication.Abstractions.dll</ModulePath>
      <ModuleTime>2021-06-18T21:16:10Z</ModuleTime>
      <ModuleName>Microsoft.AspNetCore.Authentication.Abstractions</ModuleName>
      <Classes />
    </Module>
    <Module skippedDueTo="Filter" hash="2B-EB-8D-CF-31-90-BC-CF-2D-F5-D0-C6-7E-E0-1D-D8-0A-6C-7C-9D">
      <ModulePath>C:\Program Files\dotnet\shared\Microsoft.AspNetCore.App\5.0.8\Microsoft.AspNetCore.Identity.dll</ModulePath>
      <ModuleTime>2021-06-18T21:16:14Z</ModuleTime>
      <ModuleName>Microsoft.AspNetCore.Identity</ModuleName>
      <Classes />
    </Module>
    <Module skippedDueTo="Filter" hash="E3-FB-3F-B9-71-6F-53-AB-12-38-14-55-55-F3-4D-A9-8F-F7-3F-74">
      <ModulePath>C:\Users\vrmpr\OneDrive\Documentos\Projetos\Volvo\VolvoLab.Caminhoes\VolvoLab.Caminhoes.Application.Test\bin\Debug\net5.0\Microsoft.VisualStudio.CodeCoverage.Shim.dll</ModulePath>
      <ModuleTime>2021-05-20T11:47:04Z</ModuleTime>
      <ModuleName>Microsoft.VisualStudio.CodeCoverage.Shim</ModuleName>
      <Classes />
    </Module>
    <Module skippedDueTo="Filter" hash="6C-38-AC-F0-C1-0C-F5-B0-DF-58-22-16-BE-23-89-C4-77-91-47-88">
      <ModulePath>C:\Users\vrmpr\OneDrive\Documentos\Projetos\Volvo\VolvoLab.Caminhoes\VolvoLab.Caminhoes.Application.Test\bin\Debug\net5.0\runtimes\win\lib\netcoreapp3.1\Microsoft.Data.SqlClient.dll</ModulePath>
      <ModuleTime>2020-08-26T02:24:48Z</ModuleTime>
      <ModuleName>Microsoft.Data.SqlClient</ModuleName>
      <Classes />
    </Module>
    <Module skippedDueTo="Filter" hash="35-23-BD-AF-30-F6-36-E4-21-1D-69-3C-16-1E-BB-2D-E0-45-6A-4D">
      <ModulePath>C:\Program Files\dotnet\shared\Microsoft.NETCore.App\5.0.8\System.Transactions.Local.dll</ModulePath>
      <ModuleTime>2021-06-15T22:36:14Z</ModuleTime>
      <ModuleName>System.Transactions.Local</ModuleName>
      <Classes />
    </Module>
    <Module skippedDueTo="Filter" hash="4A-A5-D4-4C-1D-1F-BC-E3-0C-0A-D8-20-B4-E1-1E-06-9E-90-A7-0E">
      <ModulePath>C:\Users\vrmpr\OneDrive\Documentos\Projetos\Volvo\VolvoLab.Caminhoes\VolvoLab.Caminhoes.Application.Test\bin\Debug\net5.0\Microsoft.Identity.Client.dll</ModulePath>
      <ModuleTime>2020-05-18T23:11:54Z</ModuleTime>
      <ModuleName>Microsoft.Identity.Client</ModuleName>
      <Classes />
    </Module>
    <Module skippedDueTo="Filter" hash="21-32-45-1E-6D-C8-B1-C1-85-68-18-1D-DB-5D-69-7A-49-1E-F7-FA">
      <ModulePath>C:\Users\vrmpr\OneDrive\Documentos\Projetos\Volvo\VolvoLab.Caminhoes\VolvoLab.Caminhoes.Application.Test\bin\Debug\net5.0\System.Configuration.ConfigurationManager.dll</ModulePath>
      <ModuleTime>2019-11-15T11:37:04Z</ModuleTime>
      <ModuleName>System.Configuration.ConfigurationManager</ModuleName>
      <Classes />
    </Module>
    <Module skippedDueTo="Filter" hash="D4-B3-95-D3-A9-A6-1E-FD-A1-0A-AB-B8-88-8D-8C-C9-5D-9B-3A-52">
      <ModulePath>C:\Program Files\dotnet\shared\Microsoft.AspNetCore.App\5.0.8\Microsoft.Extensions.Logging.Abstractions.dll</ModulePath>
      <ModuleTime>2021-06-18T21:16:06Z</ModuleTime>
      <ModuleName>Microsoft.Extensions.Logging.Abstractions</ModuleName>
      <Classes />
    </Module>
    <Module skippedDueTo="Filter" hash="C3-53-BC-BE-33-DB-16-F6-36-43-FC-B1-6B-8C-12-45-36-CC-6C-85">
      <ModulePath>C:\Users\vrmpr\OneDrive\Documentos\Projetos\Volvo\VolvoLab.Caminhoes\VolvoLab.Caminhoes.Application.Test\bin\Debug\net5.0\Microsoft.EntityFrameworkCore.Abstractions.dll</ModulePath>
      <ModuleTime>2021-06-15T22:04:30Z</ModuleTime>
      <ModuleName>Microsoft.EntityFrameworkCore.Abstractions</ModuleName>
[...]
      <ModuleName>System.IO.FileSystem.Watcher</ModuleName>
      <Classes />
    </Module>
    <Module skippedDueTo="Filter" hash="B2-9D-08-FD-BE-15-84-C9-F5-D9-D7-C4-16-4D-CE-76-DF-AC-1B-99">
      <ModulePath>C:\Program Files\dotnet\shared\Microsoft.NETCore.App\5.0.8\System.IO.IsolatedStorage.dll</ModulePath>
      <ModuleTime>2021-06-15T22:37:34Z</ModuleTime>
      <ModuleName>System.IO.IsolatedStorage</ModuleName>
      <Classes />
    </Module>
    <Module skippedDueTo="Filter" hash="2E-5D-E6-70-D1-58-51-B8-2D-46-DA-CE-7E-E3-F0-B9-DB-1A-50-32">
      <ModulePath>C:\Program Files\dotnet\shared\Microsoft.NETCore.App\5.0.8\System.IO.MemoryMappedFiles.dll</ModulePath>
      <ModuleTime>2021-06-15T22:37:36Z</ModuleTime>
      <ModuleName>System.IO.MemoryMappedFiles</ModuleName>
      <Classes />
    </Module>
    <Module skippedDueTo="Filter" hash="7F-FC-66-BF-B2-6B-1F-EE-7A-32-5F-3D-73-67-7A-3B-04-71-59-D9">
      <ModulePath>C:\Program Files\dotnet\shared\Microsoft.NETCore.App\5.0.8\System.IO.Pipes.AccessControl.dll</ModulePath>
      <ModuleTime>2021-06-15T22:37:36Z</ModuleTime>
      <ModuleName>System.IO.Pipes.AccessControl</ModuleName>
      <Classes />
    </Module>
    <Module skippedDueTo="Filter" hash="8C-57-52-EF-9D-64-3F-79-99-24-B2-4F-2D-02-97-28-F0-B1-57-3E">
      <ModulePath>C:\Program Files\dotnet\shared\Microsoft.NETCore.App\5.0.8\System.IO.Pipes.dll</ModulePath>
      <ModuleTime>2021-06-15T22:37:36Z</ModuleTime>
      <ModuleName>System.IO.Pipes</ModuleName>
      <Classes />
    </Module>
    <Module skippedDueTo="Filter" hash="36-39-D0-D8-02-B4-1C-9E-F9-C0-DD-80-D0-32-EB-02-4A-BC-AC-5C">
      <ModulePath>C:\Program Files\dotnet\shared\Microsoft.NETCore.App\5.0.8\System.IO.UnmanagedMemoryStream.dll</ModulePath>
      <ModuleTime>2021-06-15T22:37:36Z</ModuleTime>
      <ModuleName>System.IO.UnmanagedMemoryStream</ModuleName>
      <Classes />
    </Module>
    <Module skippedDueTo="Filter" hash="C2-CC-EE-4D-F7-4C-95-0B-4B-B0-C3-F7-9F-42-97-57-55-74-C6-3A">
      <ModulePath>C:\Program Files\dotnet\shared\Microsoft.NETCore.App\5.0.8\System.Linq.Parallel.dll</ModulePath>
      <ModuleTime>2021-06-15T22:37:38Z</ModuleTime>
      <ModuleName>System.Linq.Parallel</ModuleName>
      <Classes />
    </Module>
    <Module skippedDueTo="Filter" hash="6B-65-FE-F8-45-15-F5-0F-1C-8A-4B-F3-44-55-E8-20-75-86-08-2E">
      <ModulePath>C:\Program Files\dotnet\shared\Microsoft.NETCore.App\5.0.8\System.Linq.Queryable.dll</ModulePath>
      <ModuleTime>2021-06-15T22:37:36Z</ModuleTime>
      <ModuleName>System.Linq.Queryable</ModuleName>
      <Classes />
    </Module>
    <Module skippedDueTo="Filter" hash="B0-AE-3B-0E-FB-7F-C8-7A-58-AF-E9-58-31-BE-87-DF-60-C3-C5-FF">
      <ModulePath>C:\Program Files\dotnet\shared\Microsoft.NETCore.App\5.0.8\System.Net.Http.Json.dll</ModulePath>
      <ModuleTime>2021-06-15T22:37:42Z</ModuleTime>
      <ModuleName>System.Net.Http.Json</ModuleName>
      <Classes />
    </Module>
    <Module skippedDueTo="Filter" hash="40-0F-A1-C3-37-FB-7B-A3-EF-3D-5D-0A-E1-F2-14-E9-96-F9-36-0F">
      <ModulePath>C:\Program Files\dotnet\shared\Microsoft.NETCore.App\5.0.8\System.Net.Mail.dll</ModulePath>
      <ModuleTime>2021-06-15T22:37:38Z</ModuleTime>
      <ModuleName>System.Net.Mail</ModuleName>
      <Classes />
    </Module>
    <Module skippedDueTo="Filter" hash="5E-B8-1D-98-CA-0D-67-6E-F3-26-5E-50-CC-DD-94-F6-C1-A3-3B-8C">
      <ModulePath>C:\Program Files\dotnet\shared\Microsoft.NETCore.App\5.0.8\System.Net.Ping.dll</ModulePath>
      <ModuleTime>2021-06-15T22:37:40Z</ModuleTime>
      <ModuleName>System.Net.Ping</ModuleName>
      <Classes />
    </Module>
    <Module skippedDueTo="Filter" hash="FE-E8-E5-D8-24-10-4C-2B-58-35-F8-39-1D-F4-3E-57-CF-32-F3-5A">
      <ModulePath>C:\Program Files\dotnet\shared\Microsoft.NETCore.App\5.0.8\System.Net.ServicePoint.dll</ModulePath>
      <ModuleTime>2021-06-15T22:37:42Z</ModuleTime>
      <ModuleName>System.Net.ServicePoint</ModuleName>
      <Classes />
    </Module>
    <Module skippedDueTo="Filter" hash="49-24-B8-DF-DF-1F-91-12-F2-3C-4A-5B-B2-0C-AB-4E-86-35-15-C7">
      <ModulePath>C:\Program Files\dotnet\shared\Microsoft.NETCore.App\5.0.8\System.Net.WebClient.dll</ModulePath>
      <ModuleTime>2021-06-15T22:36:08Z</ModuleTime>
      <ModuleName>System.Net.WebClient</ModuleName>
      <Classes />
    </Module>
    <Module skippedDueTo="Filter" hash="C2-98-8F-C5-42-0A-62-5C-F4-5B-D2-40-D4-1B-2C-AA-04-34-DA-86">
      <ModulePath>C:\Program Files\dotnet\shared\Microsoft.NETCore.App\5.0.8\System.Net.WebHeaderCollection.dll</ModulePath>
      <ModuleTime>2021-06-15T22:36:40Z</ModuleTime>
      <ModuleName>System.Net.WebHeaderCollection</ModuleName>
      <Classes />
    </Module>
    <Module skippedDueTo="Filter" hash="5D-A2-2C-C4-EA-64-18-56-11-11-91-14-DA-D0-91-9B-E4-DF-1D-B7">
      <ModulePath>C:\Program Files\dotnet\shared\Microsoft.NETCore.App\5.0.8\System.Net.WebProxy.dll</ModulePath>
      <ModuleTime>2021-06-15T22:36:36Z</ModuleTime>
      <ModuleName>System.Net.WebProxy</ModuleName>
      <Classes />
    </Module>
    <Module skippedDueTo="Filter" hash="BC-0D-16-AD-4D-2A-AF-41-DD-22-CD-03-05-2F-F4-4B-36-E9-33-CD">
      <ModulePath>C:\Program Files\dotnet\shared\Microsoft.NETCore.App\5.0.8\System.Net.WebSockets.Client.dll</ModulePath>
      <ModuleTime>2021-06-15T22:36:34Z</ModuleTime>
      <ModuleName>System.Net.WebSockets.Client</ModuleName>
      <Classes />
    </Module>
    <Module skippedDueTo="Filter" hash="A8-BF-31-F7-5F-2D-85-5D-04-F6-2C-EA-3F-8B-CD-5D-0B-F5-DA-58">
      <ModulePath>C:\Program Files\dotnet\shared\Microsoft.NETCore.App\5.0.8\System.Net.dll</ModulePath>
      <ModuleTime>2021-06-15T22:37:40Z</ModuleTime>
      <ModuleName>System.Net</ModuleName>
      <Classes />
    </Module>
    <Module skippedDueTo="Filter" hash="DA-2A-00-18-CA-89-7F-1D-96-DC-9F-0A-CF-D4-8E-BF-81-2D-7B-D1">
      <ModulePath>C:\Program Files\dotnet\shared\Microsoft.NETCore.App\5.0.8\System.Numerics.Vectors.dll</ModulePath>
      <ModuleTime>2021-06-15T22:36:38Z</ModuleTime>
      <ModuleName>System.Numerics.Vectors</ModuleName>
      <Classes />
    </Module>
    <Module skippedDueTo="Filter" hash="20-5B-A6-D5-F6-78-95-AA-6C-3A-3A-27-04-AE-CA-21-1A-90-58-F6">
      <ModulePath>C:\Program Files\dotnet\shared\Microsoft.NETCore.App\5.0.8\System.Numerics.dll</ModulePath>
      <ModuleTime>2021-06-15T22:36:06Z</ModuleTime>
      <ModuleName>System.Numerics</ModuleName>
      <Classes />
    </Module>
    <Module skippedDueTo="Filter" hash="04-A5-D0-17-9B-2B-56-80-24-13-74-F6-9D-CD-DF-D2-33-C2-6A-C0">
      <ModulePath>C:\Program Files\dotnet\shared\Microsoft.NETCore.App\5.0.8\System.Private.DataContractSerialization.dll</ModulePath>
      <ModuleTime>2021-06-15T22:36:08Z</ModuleTime>
      <ModuleName>System.Private.DataContractSerialization</ModuleName>
      <Classes />
    </Module>
    <Module skippedDueTo="Filter" hash="A0-1B-D7-83-9B-99-A3-0E-8A-B9-75-E5-97-1B-55-89-74-B8-6C-4A">
      <ModulePath>C:\Program Files\dotnet\shared\Microsoft.NETCore.App\5.0.8\System.Reflection.DispatchProxy.dll</ModulePath>
      <ModuleTime>2021-06-15T22:36:06Z</ModuleTime>
      <ModuleName>System.Reflection.DispatchProxy</ModuleName>
      <Classes />
    </Module>
    <Module skippedDueTo="Filter" hash="2B-1E-BC-7D-08-C2-98-2F-9F-1E-1D-13-17-23-6A-9A-B9-AB-89-3D">
      <ModulePath>C:\Program Files\dotnet\shared\Microsoft.NETCore.App\5.0.8\System.Reflection.Emit.dll</ModulePath>
      <ModuleTime>2021-06-15T22:36:34Z</ModuleTime>
      <ModuleName>System.Reflection.Emit</ModuleName>
      <Classes />
    </Module>
    <Module skippedDueTo="Filter" hash="77-BA-A5-20-32-2C-51-7A-64-9C-4A-37-6D-63-86-2E-23-41-E7-8C">
      <ModulePath>C:\Program Files\dotnet\shared\Microsoft.NETCore.App\5.0.8\System.Reflection.TypeExtensions.dll</ModulePath>
      <ModuleTime>2021-06-15T22:36:38Z</ModuleTime>
      <ModuleName>System.Reflection.TypeExtensions</ModuleName>
      <Classes />
    </Module>
    <Module skippedDueTo="Filter" hash="98-94-EA-82-CB-A9-4A-E4-40-DB-00-2B-B8-43-DB-72-83-3E-5D-7D">
      <ModulePath>C:\Program Files\dotnet\shared\Microsoft.NETCore.App\5.0.8\System.Resources.Reader.dll</ModulePath>
      <ModuleTime>2021-06-15T22:36:36Z</ModuleTime>
      <ModuleName>System.Resources.Reader</ModuleName>
      <Classes />
    </Module>
    <Module skippedDueTo="Filter" hash="51-07-7B-43-D9-AC-C5-EA-7F-B7-6F-1D-A8-02-F0-38-93-B5-B2-A0">
      <ModulePath>C:\Program Files\dotnet\shared\Microsoft.NETCore.App\5.0.8\System.Resources.Writer.dll</ModulePath>
      <ModuleTime>2021-06-15T22:36:40Z</ModuleTime>
      <ModuleName>System.Resources.Writer</ModuleName>
      <Classes />
    </Module>
    <Module skippedDueTo="Filter" hash="A0-FF-21-EE-FB-1C-57-26-88-76-E3-1D-6C-0B-F8-04-09-EA-CB-7B">
      <ModulePath>C:\Program Files\dotnet\shared\Microsoft.NETCore.App\5.0.8\System.Runtime.CompilerServices.VisualC.dll</ModulePath>
      <ModuleTime>2021-06-15T22:36:36Z</ModuleTime>
      <ModuleName>System.Runtime.CompilerServices.VisualC</ModuleName>
      <Classes />
    </Module>
    <Module skippedDueTo="Filter" hash="11-19-8E-2A-B8-E0-5D-80-48-27-CC-46-52-6F-F6-FC-DF-22-76-4C">
      <ModulePath>C:\Program Files\dotnet\shared\Microsoft.NETCore.App\5.0.8\System.Runtime.Handles.dll</ModulePath>
      <ModuleTime>2021-06-15T22:36:34Z</ModuleTime>
      <ModuleName>System.Runtime.Handles</ModuleName>
      <Classes />
    </Module>
    <Module skippedDueTo="Filter" hash="72-A4-BE-CB-97-3E-5D-6F-F3-46-C0-2E-71-B9-46-AC-B7-D8-42-96">
      <ModulePath>C:\Program Files\dotnet\shared\Microsoft.NETCore.App\5.0.8\System.Runtime.Serialization.Json.dll</ModulePath>
      <ModuleTime>2021-06-15T22:36:10Z</ModuleTime>
      <ModuleName>System.Runtime.Serialization.Json</ModuleName>
      <Classes />
    </Module>
    <Module skippedDueTo="Filter" hash="93-DC-0D-01-DE-FE-E6-9A-50-96-66-45-98-54-9D-3D-32-03-1B-4F">
      <ModulePath>C:\Program Files\dotnet\shared\Microsoft.NETCore.App\5.0.8\System.Runtime.Serialization.Xml.dll</ModulePath>
      <ModuleTime>2021-06-15T22:36:42Z</ModuleTime>
      <ModuleName>System.Runtime.Serialization.Xml</ModuleName>
      <Classes />
    </Module>
    <Module skippedDueTo="Filter" hash="16-7B-90-40-19-92-74-34-F8-3A-5A-EF-21-5E-6B-4F-3C-68-51-E0">
      <ModulePath>C:\Program Files\dotnet\shared\Microsoft.NETCore.App\5.0.8\System.Runtime.Serialization.dll</ModulePath>
      <ModuleTime>2021-06-15T22:36:40Z</ModuleTime>
      <ModuleName>System.Runtime.Serialization</ModuleName>
      <Classes />
    </Module>
    <Module skippedDueTo="Filter" hash="39-25-B7-53-01-A6-B0-FD-86-02-97-D8-FA-42-96-C6-A7-A2-3C-8D">
      <ModulePath>C:\Program Files\dotnet\shared\Microsoft.NETCore.App\5.0.8\System.Security.Cryptography.Cng.dll</ModulePath>
      <ModuleTime>2021-06-15T22:36:40Z</ModuleTime>
      <ModuleName>System.Security.Cryptography.Cng</ModuleName>
      <Classes />
    </Module>
    <Module skippedDueTo="Filter" hash="5B-28-51-65-D3-74-16-98-A5-70-C0-41-9B-D5-10-EB-A4-62-03-B3">
      <ModulePath>C:\Program Files\dotnet\shared\Microsoft.NETCore.App\5.0.8\System.Security.Cryptography.Csp.dll</ModulePath>
      <ModuleTime>2021-06-15T22:36:14Z</ModuleTime>
      <ModuleName>System.Security.Cryptography.Csp</ModuleName>
      <Classes />
    </Module>
    <Module skippedDueTo="Filter" hash="73-22-94-C4-1F-78-2E-76-CC-F4-67-72-70-ED-F4-5D-52-09-D8-80">
      <ModulePath>C:\Program Files\dotnet\shared\Microsoft.NETCore.App\5.0.8\System.Security.Cryptography.OpenSsl.dll</ModulePath>
      <ModuleTime>2021-06-15T22:36:42Z</ModuleTime>
      <ModuleName>System.Security.Cryptography.OpenSsl</ModuleName>
      <Classes />
    </Module>
    <Module skippedDueTo="Filter" hash="18-38-81-B1-93-43-EE-79-63-19-5D-57-66-47-1B-1E-AD-50-17-A3">
      <ModulePath>C:\Program Files\dotnet\shared\Microsoft.NETCore.App\5.0.8\System.Security.Principal.dll</ModulePath>
      <ModuleTime>2021-06-15T22:36:12Z</ModuleTime>
      <ModuleName>System.Security.Principal</ModuleName>
      <Classes />
    </Module>
    <Module skippedDueTo="Filter" hash="F3-6A-74-28-F4-7A-5D-E2-6E-C5-AC-D8-C3-BE-79-7D-68-31-C6-1B">
      <ModulePath>C:\Program Files\dotnet\shared\Microsoft.NETCore.App\5.0.8\System.Security.SecureString.dll</ModulePath>
      <ModuleTime>2021-06-15T22:36:12Z</ModuleTime>
      <ModuleName>System.Security.SecureString</ModuleName>
      <Classes />
    </Module>
    <Module skippedDueTo="Filter" hash="DA-76-CA-76-53-36-52-A6-0C-F5-72-9A-1C-FB-16-78-99-18-0E-9A">
      <ModulePath>C:\Program Files\dotnet\shared\Microsoft.NETCore.App\5.0.8\System.Security.dll</ModulePath>
      <ModuleTime>2021-06-15T22:36:40Z</ModuleTime>
      <ModuleName>System.Security</ModuleName>
      <Classes />
    </Module>
    <Module skippedDueTo="Filter" hash="EE-02-7D-35-73-CA-EB-0F-78-C8-EE-6D-F5-E3-2B-1A-D9-6F-EE-F0">
      <ModulePath>C:\Program Files\dotnet\shared\Microsoft.NETCore.App\5.0.8\System.ServiceModel.Web.dll</ModulePath>
      <ModuleTime>2021-06-15T22:36:12Z</ModuleTime>
      <ModuleName>System.ServiceModel.Web</ModuleName>
      <Classes />
    </Module>
    <Module skippedDueTo="Filter" hash="B1-9D-FB-1F-16-FA-22-5F-59-04-A5-EA-3D-C5-1F-8E-C3-7E-C0-8D">
      <ModulePath>C:\Program Files\dotnet\shared\Microsoft.NETCore.App\5.0.8\System.ServiceProcess.dll</ModulePath>
      <ModuleTime>2021-06-15T22:36:40Z</ModuleTime>
      <ModuleName>System.ServiceProcess</ModuleName>
      <Classes />
    </Module>
    <Module skippedDueTo="Filter" hash="A4-8A-BA-20-50-24-76-8E-E3-42-3A-8F-75-44-D9-EF-C1-16-CC-80">
      <ModulePath>C:\Program Files\dotnet\shared\Microsoft.NETCore.App\5.0.8\System.Threading.Channels.dll</ModulePath>
      <ModuleTime>2021-06-15T22:37:02Z</ModuleTime>
      <ModuleName>System.Threading.Channels</ModuleName>
      <Classes />
    </Module>
    <Module skippedDueTo="Filter" hash="44-14-25-BD-60-30-CF-BA-8F-57-35-FF-C8-0C-0B-D3-D5-68-B5-7A">
      <ModulePath>C:\Program Files\dotnet\shared\Microsoft.NETCore.App\5.0.8\System.Threading.Tasks.Dataflow.dll</ModulePath>
      <ModuleTime>2021-06-15T22:36:14Z</ModuleTime>
      <ModuleName>System.Threading.Tasks.Dataflow</ModuleName>
      <Classes />
    </Module>
    <Module skippedDueTo="Filter" hash="A9-BB-8A-44-7B-9A-CE-42-DD-36-72-8B-E6-45-A2-95-D9-28-B8-E2">
      <ModulePath>C:\Program Files\dotnet\shared\Microsoft.NETCore.App\5.0.8\System.Threading.Tasks.Parallel.dll</ModulePath>
      <ModuleTime>2021-06-15T22:37:02Z</ModuleTime>
      <ModuleName>System.Threading.Tasks.Parallel</ModuleName>
      <Classes />
    </Module>
    <Module skippedDueTo="Filter" hash="B7-78-61-FA-86-71-F5-B6-B0-E3-CE-1D-03-C2-DF-80-F6-55-90-6D">
      <ModulePath>C:\Program Files\dotnet\shared\Microsoft.NETCore.App\5.0.8\System.Threading.Timer.dll</ModulePath>
      <ModuleTime>2021-06-15T22:37:02Z</ModuleTime>
      <ModuleName>System.Threading.Timer</ModuleName>
      <Classes />
    </Module>
    <Module skippedDueTo="Filter" hash="5F-47-43-62-1B-14-AD-1A-21-C7-36-89-54-5C-C8-16-C9-48-D5-B4">
      <ModulePath>C:\Program Files\dotnet\shared\Microsoft.NETCore.App\5.0.8\System.Transactions.dll</ModulePath>
      <ModuleTime>2021-06-15T22:37:24Z</ModuleTime>
      <ModuleName>System.Transactions</ModuleName>
      <Classes />
    </Module>
    <Module skippedDueTo="Filter" hash="B6-F1-58-F6-6D-38-6B-7D-69-47-13-82-43-E4-5F-CE-C1-1E-4A-4D">
      <ModulePath>C:\Program Files\dotnet\shared\Microsoft.NETCore.App\5.0.8\System.ValueTuple.dll</ModulePath>
      <ModuleTime>2021-06-15T22:37:24Z</ModuleTime>
      <ModuleName>System.ValueTuple</ModuleName>
      <Classes />
    </Module>
    <Module skippedDueTo="Filter" hash="C1-9C-81-58-1F-EF-BF-4B-B1-A8-B6-6C-63-EA-E5-01-E9-94-F7-8B">
      <ModulePath>C:\Program Files\dotnet\shared\Microsoft.NETCore.App\5.0.8\System.Web.HttpUtility.dll</ModulePath>
      <ModuleTime>2021-06-15T22:36:04Z</ModuleTime>
      <ModuleName>System.Web.HttpUtility</ModuleName>
      <Classes />
    </Module>
    <Module skippedDueTo="Filter" hash="F9-87-7E-85-30-58-D2-78-FD-AD-A5-36-47-64-E2-66-68-9D-B1-3D">
      <ModulePath>C:\Program Files\dotnet\shared\Microsoft.NETCore.App\5.0.8\System.Web.dll</ModulePath>
      <ModuleTime>2021-06-15T22:36:42Z</ModuleTime>
      <ModuleName>System.Web</ModuleName>
      <Classes />
    </Module>
    <Module skippedDueTo="Filter" hash="8E-76-22-14-45-EA-2C-15-79-B1-B1-AF-53-3A-F1-84-5A-FB-E4-18">
      <ModulePath>C:\Program Files\dotnet\shared\Microsoft.NETCore.App\5.0.8\System.Windows.dll</ModulePath>
      <ModuleTime>2021-06-15T22:36:26Z</ModuleTime>
      <ModuleName>System.Windows</ModuleName>
      <Classes />
    </Module>
    <Module skippedDueTo="Filter" hash="FF-A0-D6-03-BC-9A-C1-ED-B8-C4-51-F9-05-2A-E1-7C-91-E3-4F-99">
      <ModulePath>C:\Program Files\dotnet\shared\Microsoft.NETCore.App\5.0.8\System.Xml.Linq.dll</ModulePath>
      <ModuleTime>2021-06-15T22:36:46Z</ModuleTime>
      <ModuleName>System.Xml.Linq</ModuleName>
      <Classes />
    </Module>
    <Module skippedDueTo="Filter" hash="BF-AD-1F-9B-C7-13-E7-68-1B-1D-43-B0-9B-CB-A5-01-E1-CE-CC-2F">
      <ModulePath>C:\Program Files\dotnet\shared\Microsoft.NETCore.App\5.0.8\System.Xml.Serialization.dll</ModulePath>
      <ModuleTime>2021-06-15T22:36:46Z</ModuleTime>
      <ModuleName>System.Xml.Serialization</ModuleName>
      <Classes />
    </Module>
    <Module skippedDueTo="Filter" hash="38-4D-CF-33-94-DE-B1-29-BD-64-B4-74-89-1E-F0-F2-93-CA-54-B2">
      <ModulePath>C:\Program Files\dotnet\shared\Microsoft.NETCore.App\5.0.8\System.Xml.XPath.XDocument.dll</ModulePath>
      <ModuleTime>2021-06-15T22:36:24Z</ModuleTime>
      <ModuleName>System.Xml.XPath.XDocument</ModuleName>
      <Classes />
    </Module>
    <Module skippedDueTo="Filter" hash="C5-42-F9-C2-A0-3B-84-99-24-A8-2C-48-2A-8E-88-DF-01-61-56-3A">
      <ModulePath>C:\Program Files\dotnet\shared\Microsoft.NETCore.App\5.0.8\System.Xml.XPath.dll</ModulePath>
      <ModuleTime>2021-06-15T22:36:04Z</ModuleTime>
      <ModuleName>System.Xml.XPath</ModuleName>
      <Classes />
    </Module>
    <Module skippedDueTo="Filter" hash="CA-22-F4-0D-B0-AC-7B-D3-FD-69-89-FF-2B-80-AD-D7-F9-77-D7-9E">
      <ModulePath>C:\Program Files\dotnet\shared\Microsoft.NETCore.App\5.0.8\System.Xml.XmlDocument.dll</ModulePath>
      <ModuleTime>2021-06-15T22:36:04Z</ModuleTime>
      <ModuleName>System.Xml.XmlDocument</ModuleName>
      <Classes />
    </Module>
    <Module skippedDueTo="Filter" hash="52-82-7A-8A-41-BE-B9-9F-64-30-DC-9F-68-0E-DA-0A-BA-01-E9-84">
      <ModulePath>C:\Program Files\dotnet\shared\Microsoft.NETCore.App\5.0.8\System.Xml.XmlSerializer.dll</ModulePath>
      <ModuleTime>2021-06-15T22:36:24Z</ModuleTime>
      <ModuleName>System.Xml.XmlSerializer</ModuleName>
      <Classes />
    </Module>
    <Module skippedDueTo="Filter" hash="E1-13-72-EB-8D-56-8F-C7-B9-FB-FB-00-05-E9-DB-4A-95-E6-98-25">
      <ModulePath>C:\Program Files\dotnet\shared\Microsoft.NETCore.App\5.0.8\System.dll</ModulePath>
      <ModuleTime>2021-06-15T22:37:28Z</ModuleTime>
      <ModuleName>System</ModuleName>
      <Classes />
    </Module>
    <Module skippedDueTo="Filter" hash="85-D4-3B-D3-22-E6-BB-4B-FB-8F-77-D5-7C-FA-1E-71-78-32-93-F3">
      <ModulePath>C:\Program Files\dotnet\shared\Microsoft.NETCore.App\5.0.8\WindowsBase.dll</ModulePath>
      <ModuleTime>2021-06-15T22:36:26Z</ModuleTime>
      <ModuleName>WindowsBase</ModuleName>
      <Classes />
    </Module>
    <Module skippedDueTo="Filter" hash="EB-81-D7-61-99-2A-B6-33-58-4C-F7-EC-D8-F7-84-37-43-D1-B1-36">
      <ModulePath>C:\Users\vrmpr\OneDrive\Documentos\Projetos\Volvo\VolvoLab.Caminhoes\VolvoLab.Caminhoes.Application.Test\bin\Debug\net5.0\xunit.runner.reporters.netcoreapp10.dll</ModulePath>
      <ModuleTime>2018-10-29T07:17:08Z</ModuleTime>
      <ModuleName>xunit.runner.reporters.netcoreapp10</ModuleName>
      <Classes />
    </Module>
  </Modules>
</CoverageSession>