<?xml version="1.0" encoding="utf-8"?>
<CoverageSession xmlns:xsd="http://www.w3.org/2001/XMLSchema" xmlns:xsi="http://www.w3.org/2001/XMLSchema-instance" Version="4.7.1221.0">
  <Summary numSequencePoints="0" visitedSequencePoints="0" numBranchPoints="0" visitedBranchPoints="0" sequenceCoverage="0" branchCoverage="0" maxCyclomaticComplexity="0" minCyclomaticComplexity="0" maxCrapScore="0" minCrapScore="0" visitedClasses="0" numClasses="0" visitedMethods="0" numMethods="0" />
  <Modules>
    <Module skippedDueTo="Filter" hash="9B-7B-C3-CD-F3-34-AD-97-20-C1-42-F7-B2-ED-37-4A-B6-00-6D-05">
      <ModulePath>C:\Program Files\dotnet\shared\Microsoft.NETCore.App\5.0.8\System.Private.CoreLib.dll</ModulePath>
      <ModuleTime>2021-06-15T22:33:02Z</ModuleTime>
      <ModuleName>System.Private.CoreLib</ModuleName>
      <Classes />
    </Module>
    <Module skippedDueTo="MissingPdb" hash="20-B1-13-41-7B-C1-6B-B1-17-FF-EE-5B-A2-35-0B-8B-6D-F2-6B-95">
      <ModulePath>C:\Program Files\dotnet\sdk\5.0.302\dotnet.dll</ModulePath>
      <ModuleTime>2021-06-19T02:54:46Z</ModuleTime>
      <ModuleName>dotnet</ModuleName>
      <Classes />
    </Module>
    <Module skippedDueTo="Filter" hash="61-56-38-82-9A-B0-9F-2E-6C-B0-46-D7-12-D0-22-9E-A0-DC-36-AE">
      <ModulePath>C:\Program Files\dotnet\shared\Microsoft.NETCore.App\5.0.8\System.Runtime.dll</ModulePath>
      <ModuleTime>2021-06-15T22:36:34Z</ModuleTime>
      <ModuleName>System.Runtime</ModuleName>
      <Classes />
    </Module>
    <Module skippedDueTo="Filter" hash="19-BF-4E-A8-61-92-95-A4-05-36-13-59-FB-E3-A1-0B-96-F9-FE-74">
      <ModulePath>C:\Program Files\dotnet\shared\Microsoft.NETCore.App\5.0.8\System.Diagnostics.Tracing.dll</ModulePath>
      <ModuleTime>2021-06-15T22:37:28Z</ModuleTime>
      <ModuleName>System.Diagnostics.Tracing</ModuleName>
      <Classes />
    </Module>
    <Module skippedDueTo="Filter" hash="0E-46-99-B8-8A-AE-6E-34-AD-73-81-6A-36-41-FA-D7-AB-9C-DA-BA">
      <ModulePath>C:\Program Files\dotnet\shared\Microsoft.NETCore.App\5.0.8\System.Diagnostics.Process.dll</ModulePath>
      <ModuleTime>2021-06-15T22:37:28Z</ModuleTime>
      <ModuleName>System.Diagnostics.Process</ModuleName>
      <Classes />
    </Module>
    <Module skippedDueTo="Filter" hash="8A-BC-B5-E0-11-49-57-39-31-A4-77-6A-63-36-0F-A1-55-F7-45-2C">
      <ModulePath>C:\Program Files\dotnet\shared\Microsoft.NETCore.App\5.0.8\System.ComponentModel.Primitives.dll</ModulePath>
      <ModuleTime>2021-06-15T22:36:32Z</ModuleTime>
      <ModuleName>System.ComponentModel.Primitives</ModuleName>
      <Classes />
    </Module>
    <Module skippedDueTo="MissingPdb" hash="D9-2C-9C-F0-56-9D-79-E5-8F-4A-D0-A4-E6-45-DD-1B-F0-39-AD-3F">
      <ModulePath>C:\Program Files\dotnet\sdk\5.0.302\Microsoft.DotNet.Cli.Utils.dll</ModulePath>
      <ModuleTime>2021-06-19T02:54:26Z</ModuleTime>
      <ModuleName>Microsoft.DotNet.Cli.Utils</ModuleName>
      <Classes />
    </Module>
    <Module skippedDueTo="MissingPdb" hash="1A-8F-86-3B-B8-3C-A1-F2-EA-51-BF-40-F5-61-94-F4-4E-3A-EA-E4">
      <ModulePath>C:\Program Files\dotnet\sdk\5.0.302\Microsoft.DotNet.InternalAbstractions.dll</ModulePath>
      <ModuleTime>2021-06-19T02:54:26Z</ModuleTime>
      <ModuleName>Microsoft.DotNet.InternalAbstractions</ModuleName>
      <Classes />
    </Module>
    <Module skippedDueTo="MissingPdb" hash="C1-D5-43-B5-D2-56-15-88-8C-43-43-15-C7-89-3A-84-7E-4C-EA-FA">
      <ModulePath>C:\Program Files\dotnet\shared\Microsoft.NETCore.App\5.0.8\netstandard.dll</ModulePath>
      <ModuleTime>2021-06-15T22:36:32Z</ModuleTime>
      <ModuleName>netstandard</ModuleName>
      <Classes />
    </Module>
    <Module skippedDueTo="MissingPdb" hash="F4-5D-2C-A9-8F-5B-FB-63-96-1C-BC-FF-7B-A3-3A-0B-C5-38-C2-B9">
      <ModulePath>C:\Program Files\dotnet\shared\Microsoft.NETCore.App\5.0.8\Microsoft.Win32.Primitives.dll</ModulePath>
      <ModuleTime>2021-06-15T22:36:34Z</ModuleTime>
      <ModuleName>Microsoft.Win32.Primitives</ModuleName>
      <Classes />
    </Module>
    <Module skippedDueTo="Filter" hash="51-49-74-4B-49-5A-3A-F0-11-75-8A-B4-1E-A6-3E-0D-3D-2C-3F-05">
      <ModulePath>C:\Program Files\dotnet\shared\Microsoft.NETCore.App\5.0.8\System.Runtime.InteropServices.dll</ModulePath>
      <ModuleTime>2021-06-15T22:36:10Z</ModuleTime>
      <ModuleName>System.Runtime.InteropServices</ModuleName>
      <Classes />
    </Module>
    <Module skippedDueTo="Filter" hash="39-90-36-5D-DF-18-0D-B4-D5-00-B2-3E-3D-95-A3-78-70-7D-14-42">
      <ModulePath>C:\Program Files\dotnet\shared\Microsoft.NETCore.App\5.0.8\System.Runtime.Loader.dll</ModulePath>
      <ModuleTime>2021-06-15T22:36:38Z</ModuleTime>
      <ModuleName>System.Runtime.Loader</ModuleName>
      <Classes />
    </Module>
    <Module skippedDueTo="Filter" hash="E4-05-5F-7E-35-EE-79-6D-26-9A-91-D4-10-60-00-D9-92-8D-36-56">
      <ModulePath>C:\Program Files\dotnet\shared\Microsoft.NETCore.App\5.0.8\System.Runtime.InteropServices.RuntimeInformation.dll</ModulePath>
      <ModuleTime>2021-06-15T22:36:34Z</ModuleTime>
      <ModuleName>System.Runtime.InteropServices.RuntimeInformation</ModuleName>
      <Classes />
    </Module>
    <Module skippedDueTo="Filter" hash="A2-07-0B-32-E8-09-C1-E9-05-DE-2B-B9-AA-85-C4-0A-04-36-00-C2">
      <ModulePath>C:\Program Files\dotnet\shared\Microsoft.NETCore.App\5.0.8\System.IO.FileSystem.dll</ModulePath>
      <ModuleTime>2021-06-15T22:37:36Z</ModuleTime>
      <ModuleName>System.IO.FileSystem</ModuleName>
      <Classes />
    </Module>
    <Module skippedDueTo="Filter" hash="7E-1A-99-08-85-ED-FA-10-E7-B6-7E-A8-60-2B-48-FC-65-D6-4D-57">
      <ModulePath>C:\Program Files\dotnet\shared\Microsoft.NETCore.App\5.0.8\System.Memory.dll</ModulePath>
      <ModuleTime>2021-06-15T22:37:06Z</ModuleTime>
      <ModuleName>System.Memory</ModuleName>
      <Classes />
    </Module>
    <Module skippedDueTo="Filter" hash="31-6B-22-6C-AA-AB-46-F9-19-F5-96-4A-05-AC-0F-5C-36-C9-9F-07">
      <ModulePath>C:\Program Files\dotnet\shared\Microsoft.NETCore.App\5.0.8\System.Text.Encoding.CodePages.dll</ModulePath>
      <ModuleTime>2021-06-15T22:37:24Z</ModuleTime>
      <ModuleName>System.Text.Encoding.CodePages</ModuleName>
      <Classes />
    </Module>
    <Module skippedDueTo="Filter" hash="60-C8-2A-D8-07-A8-48-30-3F-AA-19-08-90-AF-27-90-9A-C3-7F-85">
      <ModulePath>C:\Program Files\dotnet\shared\Microsoft.NETCore.App\5.0.8\System.Collections.dll</ModulePath>
      <ModuleTime>2021-06-15T22:36:32Z</ModuleTime>
      <ModuleName>System.Collections</ModuleName>
      <Classes />
    </Module>
    <Module skippedDueTo="Filter" hash="E8-40-6D-32-24-8E-84-2A-2E-F5-45-2E-5A-92-D2-BB-86-59-65-94">
      <ModulePath>C:\Program Files\dotnet\shared\Microsoft.NETCore.App\5.0.8\System.Threading.dll</ModulePath>
      <ModuleTime>2021-06-15T22:36:12Z</ModuleTime>
      <ModuleName>System.Threading</ModuleName>
      <Classes />
    </Module>
    <Module skippedDueTo="Filter" hash="C8-5F-36-F0-E3-7F-18-EB-0B-2A-79-45-F7-55-59-87-00-1B-7B-07">
      <ModulePath>C:\Program Files\dotnet\shared\Microsoft.NETCore.App\5.0.8\System.Collections.Concurrent.dll</ModulePath>
      <ModuleTime>2021-06-15T22:36:10Z</ModuleTime>
      <ModuleName>System.Collections.Concurrent</ModuleName>
      <Classes />
    </Module>
    <Module skippedDueTo="Filter" hash="D9-17-41-50-03-B9-B3-42-03-80-2A-58-61-F7-96-EA-6B-39-42-ED">
      <ModulePath>C:\Program Files\dotnet\shared\Microsoft.NETCore.App\5.0.8\System.Threading.Thread.dll</ModulePath>
      <ModuleTime>2021-06-15T22:36:42Z</ModuleTime>
      <ModuleName>System.Threading.Thread</ModuleName>
      <Classes />
    </Module>
    <Module skippedDueTo="MissingPdb" hash="79-F3-A0-4D-A8-36-0C-28-30-4F-F5-5D-B9-CA-D4-0F-7D-EE-F6-31">
      <ModulePath>C:\Program Files\dotnet\sdk\5.0.302\Microsoft.DotNet.Configurer.dll</ModulePath>
      <ModuleTime>2021-06-19T02:54:46Z</ModuleTime>
      <ModuleName>Microsoft.DotNet.Configurer</ModuleName>
      <Classes />
    </Module>
    <Module skippedDueTo="MissingPdb" hash="BA-7E-74-B7-18-53-CD-39-67-0A-0E-EA-8F-61-99-F5-D8-89-66-D5">
      <ModulePath>C:\Program Files\dotnet\sdk\5.0.302\Microsoft.DotNet.Cli.CommandLine.dll</ModulePath>
      <ModuleTime>2021-06-19T02:53:36Z</ModuleTime>
      <ModuleName>Microsoft.DotNet.Cli.CommandLine</ModuleName>
      <Classes />
    </Module>
    <Module skippedDueTo="Filter" hash="EF-3D-22-11-9D-96-0C-61-D3-40-F0-4D-B1-DF-E9-61-3A-18-8C-BF">
      <ModulePath>C:\Program Files\dotnet\shared\Microsoft.NETCore.App\5.0.8\System.Linq.dll</ModulePath>
      <ModuleTime>2021-06-15T22:37:36Z</ModuleTime>
      <ModuleName>System.Linq</ModuleName>
      <Classes />
    </Module>
    <Module skippedDueTo="MissingPdb" hash="63-80-EC-A6-CA-A0-36-7C-FD-73-F5-62-8A-99-B4-E0-D3-3D-27-5C">
      <ModulePath>C:\Program Files\dotnet\sdk\5.0.302\NuGet.Frameworks.dll</ModulePath>
      <ModuleTime>2021-06-19T02:53:52Z</ModuleTime>
      <ModuleName>NuGet.Frameworks</ModuleName>
      <Classes />
    </Module>
    <Module skippedDueTo="Filter" hash="7D-1D-A1-FE-D2-56-59-3E-97-B2-9B-BF-3F-CF-83-24-A2-3B-35-F6">
      <ModulePath>C:\Program Files\dotnet\shared\Microsoft.NETCore.App\5.0.8\System.Console.dll</ModulePath>
      <ModuleTime>2021-06-15T22:37:28Z</ModuleTime>
      <ModuleName>System.Console</ModuleName>
      <Classes />
    </Module>
    <Module skippedDueTo="Filter" hash="31-2C-A2-8F-56-68-06-B0-11-DC-28-A0-3F-A3-3F-D9-F8-F7-37-C7">
      <ModulePath>C:\Program Files\dotnet\shared\Microsoft.NETCore.App\5.0.8\System.Text.Encoding.Extensions.dll</ModulePath>
      <ModuleTime>2021-06-15T22:36:12Z</ModuleTime>
      <ModuleName>System.Text.Encoding.Extensions</ModuleName>
      <Classes />
    </Module>
    <Module skippedDueTo="Filter" hash="57-EB-F1-15-89-F4-C1-BE-C5-5C-79-58-34-DD-02-C7-16-5C-7C-D3">
      <ModulePath>C:\Program Files\dotnet\shared\Microsoft.NETCore.App\5.0.8\System.Runtime.CompilerServices.Unsafe.dll</ModulePath>
      <ModuleTime>2021-06-15T22:37:04Z</ModuleTime>
      <ModuleName>System.Runtime.CompilerServices.Unsafe</ModuleName>
      <Classes />
    </Module>
    <Module skippedDueTo="MissingPdb" hash="31-E9-42-E7-A5-D1-D0-1E-09-74-A8-AF-28-1C-BE-D8-A9-A1-1F-49">
      <ModulePath>C:\Program Files\dotnet\sdk\5.0.302\pt-BR\Microsoft.DotNet.Configurer.resources.dll</ModulePath>
      <ModuleTime>2021-06-19T02:54:04Z</ModuleTime>
      <ModuleName>Microsoft.DotNet.Configurer.resources</ModuleName>
      <Classes />
    </Module>
    <Module skippedDueTo="MissingPdb" hash="74-FE-79-CF-51-C0-66-39-48-4C-1E-18-0B-DF-55-4C-64-E1-65-C9">
      <ModulePath>C:\Program Files\dotnet\sdk\5.0.302\NuGet.Versioning.dll</ModulePath>
      <ModuleTime>2021-06-19T02:53:54Z</ModuleTime>
      <ModuleName>NuGet.Versioning</ModuleName>
      <Classes />
    </Module>
    <Module skippedDueTo="MissingPdb" hash="55-50-8C-6E-DA-73-06-F7-37-FC-EA-95-86-2B-1C-5D-83-4C-A1-51">
      <ModulePath>C:\Program Files\dotnet\sdk\5.0.302\Microsoft.AspNetCore.DeveloperCertificates.XPlat.dll</ModulePath>
      <ModuleTime>2021-06-19T02:54:26Z</ModuleTime>
      <ModuleName>Microsoft.AspNetCore.DeveloperCertificates.XPlat</ModuleName>
      <Classes />
    </Module>
    <Module skippedDueTo="Filter" hash="A4-20-DF-C3-14-46-5C-3A-FD-3B-D8-30-CE-DD-F1-93-41-3E-8B-90">
      <ModulePath>C:\Program Files\dotnet\shared\Microsoft.NETCore.App\5.0.8\System.Security.Cryptography.X509Certificates.dll</ModulePath>
      <ModuleTime>2021-06-15T22:36:12Z</ModuleTime>
      <ModuleName>System.Security.Cryptography.X509Certificates</ModuleName>
      <Classes />
    </Module>
    <Module skippedDueTo="Filter" hash="56-44-57-04-1D-E9-A6-27-9C-73-9E-68-B6-E9-FC-48-6F-46-73-79">
      <ModulePath>C:\Program Files\dotnet\shared\Microsoft.NETCore.App\5.0.8\System.Security.Cryptography.Primitives.dll</ModulePath>
      <ModuleTime>2021-06-15T22:36:10Z</ModuleTime>
      <ModuleName>System.Security.Cryptography.Primitives</ModuleName>
      <Classes />
    </Module>
    <Module skippedDueTo="Filter" hash="AE-C0-18-33-C3-CA-F1-7C-73-B3-CC-8B-BF-03-6F-80-28-71-7A-B5">
      <ModulePath>C:\Program Files\dotnet\shared\Microsoft.NETCore.App\5.0.8\System.Collections.NonGeneric.dll</ModulePath>
      <ModuleTime>2021-06-15T22:36:32Z</ModuleTime>
      <ModuleName>System.Collections.NonGeneric</ModuleName>
      <Classes />
    </Module>
    <Module skippedDueTo="Filter" hash="63-08-49-71-1F-21-5B-C0-79-BE-D6-00-AA-81-A1-B8-4B-2C-DD-CF">
      <ModulePath>C:\Program Files\dotnet\shared\Microsoft.NETCore.App\5.0.8\System.Security.Cryptography.Encoding.dll</ModulePath>
      <ModuleTime>2021-06-15T22:37:02Z</ModuleTime>
      <ModuleName>System.Security.Cryptography.Encoding</ModuleName>
      <Classes />
    </Module>
    <Module skippedDueTo="MissingPdb" hash="1B-69-39-B1-74-B6-10-93-0B-C6-D8-83-B1-90-35-6D-85-83-7E-3C">
      <ModulePath>C:\Program Files\dotnet\sdk\5.0.302\Microsoft.ApplicationInsights.dll</ModulePath>
      <ModuleTime>2021-06-19T02:53:34Z</ModuleTime>
      <ModuleName>Microsoft.ApplicationInsights</ModuleName>
      <Classes />
    </Module>
    <Module skippedDueTo="Filter" hash="88-82-4B-8B-62-C1-C6-C2-9D-CA-E6-25-89-7C-8D-AB-1D-32-37-90">
      <ModulePath>C:\Program Files\dotnet\shared\Microsoft.NETCore.App\5.0.8\System.Security.Cryptography.Algorithms.dll</ModulePath>
      <ModuleTime>2021-06-15T22:36:42Z</ModuleTime>
      <ModuleName>System.Security.Cryptography.Algorithms</ModuleName>
      <Classes />
    </Module>
    <Module skippedDueTo="Filter" hash="E8-E8-EE-15-10-3C-D5-27-D5-34-0A-D0-16-50-4A-B6-0A-2B-73-C3">
      <ModulePath>C:\Program Files\dotnet\shared\Microsoft.NETCore.App\5.0.8\System.Private.Uri.dll</ModulePath>
      <ModuleTime>2021-06-15T22:36:36Z</ModuleTime>
      <ModuleName>System.Private.Uri</ModuleName>
      <Classes />
    </Module>
    <Module skippedDueTo="MissingPdb" hash="80-F2-F3-E6-8D-16-DA-E6-51-DF-93-E5-31-0E-C6-4D-FC-58-11-79">
      <ModulePath>C:\Program Files\dotnet\sdk\5.0.302\Microsoft.TemplateEngine.Cli.dll</ModulePath>
      <ModuleTime>2021-06-19T02:54:00Z</ModuleTime>
      <ModuleName>Microsoft.TemplateEngine.Cli</ModuleName>
      <Classes />
    </Module>
    <Module skippedDueTo="Filter" hash="F0-DB-16-39-54-81-5D-85-A2-4D-7F-80-37-36-F8-3B-FE-DC-10-9B">
      <ModulePath>C:\Program Files\dotnet\shared\Microsoft.NETCore.App\5.0.8\System.Reflection.Extensions.dll</ModulePath>
      <ModuleTime>2021-06-15T22:36:36Z</ModuleTime>
      <ModuleName>System.Reflection.Extensions</ModuleName>
      <Classes />
    </Module>
    <Module skippedDueTo="Filter" hash="7E-A3-E0-C2-42-59-44-6B-FF-AC-80-AE-C3-F7-86-32-16-F8-03-C8">
      <ModulePath>C:\Program Files\dotnet\shared\Microsoft.NETCore.App\5.0.8\System.Reflection.dll</ModulePath>
      <ModuleTime>2021-06-15T22:36:10Z</ModuleTime>
      <ModuleName>System.Reflection</ModuleName>
      <Classes />
    </Module>
    <Module skippedDueTo="Filter" hash="5C-48-9D-91-59-2D-9F-4C-FF-22-3D-0E-D9-32-95-30-55-08-17-00">
      <ModulePath>C:\Program Files\dotnet\shared\Microsoft.NETCore.App\5.0.8\System.Xml.XDocument.dll</ModulePath>
      <ModuleTime>2021-06-15T22:36:24Z</ModuleTime>
      <ModuleName>System.Xml.XDocument</ModuleName>
      <Classes />
    </Module>
    <Module skippedDueTo="MissingPdb" hash="6E-37-36-AB-E3-82-8C-8D-6C-DB-A7-EA-5E-FD-23-5E-DA-FE-39-1F">
      <ModulePath>C:\Program Files\dotnet\sdk\5.0.302\pt-BR\Microsoft.TemplateEngine.Cli.resources.dll</ModulePath>
      <ModuleTime>2021-06-09T20:21:46Z</ModuleTime>
      <ModuleName>Microsoft.TemplateEngine.Cli.resources</ModuleName>
      <Classes />
    </Module>
    <Module skippedDueTo="Filter" hash="E0-41-24-FF-DA-82-13-7E-8A-21-E1-F1-DD-3E-F3-A5-32-CD-5C-9B">
      <ModulePath>C:\Program Files\dotnet\shared\Microsoft.NETCore.App\5.0.8\System.Private.Xml.Linq.dll</ModulePath>
      <ModuleTime>2021-06-15T22:36:06Z</ModuleTime>
      <ModuleName>System.Private.Xml.Linq</ModuleName>
      <Classes />
    </Module>
    <Module skippedDueTo="Filter" hash="A7-13-89-61-24-BE-EB-68-CA-A7-BF-1A-46-BC-95-E9-5C-B7-A5-21">
      <ModulePath>C:\Program Files\dotnet\shared\Microsoft.NETCore.App\5.0.8\System.Text.RegularExpressions.dll</ModulePath>
      <ModuleTime>2021-06-15T22:36:14Z</ModuleTime>
      <ModuleName>System.Text.RegularExpressions</ModuleName>
      <Classes />
    </Module>
    <Module skippedDueTo="Filter" hash="49-B9-97-82-00-23-CB-70-38-08-BC-06-E0-7F-91-28-98-85-F8-DE">
      <ModulePath>C:\Program Files\dotnet\shared\Microsoft.NETCore.App\5.0.8\System.Private.Xml.dll</ModulePath>
      <ModuleTime>2021-06-15T22:36:08Z</ModuleTime>
      <ModuleName>System.Private.Xml</ModuleName>
      <Classes />
    </Module>
    <Module skippedDueTo="Filter" hash="99-08-9F-A8-B0-4D-50-71-38-66-7D-51-AD-26-D0-0D-92-EF-98-38">
      <ModulePath>C:\Program Files\dotnet\shared\Microsoft.NETCore.App\5.0.8\System.Runtime.Extensions.dll</ModulePath>
      <ModuleTime>2021-06-15T22:36:10Z</ModuleTime>
      <ModuleName>System.Runtime.Extensions</ModuleName>
      <Classes />
    </Module>
    <Module skippedDueTo="Filter" hash="6C-AB-57-35-2C-36-5B-1F-D3-26-F1-8E-36-A5-46-6A-69-B3-6F-30">
      <ModulePath>C:\Program Files\dotnet\shared\Microsoft.NETCore.App\5.0.8\System.Reflection.Emit.ILGeneration.dll</ModulePath>
      <ModuleTime>2021-06-15T22:36:08Z</ModuleTime>
      <ModuleName>System.Reflection.Emit.ILGeneration</ModuleName>
      <Classes />
    </Module>
    <Module skippedDueTo="Filter" hash="88-C6-F1-88-DC-90-93-2E-F6-48-C0-58-71-D5-AA-36-2D-36-AF-64">
      <ModulePath>C:\Program Files\dotnet\shared\Microsoft.NETCore.App\5.0.8\System.Xml.ReaderWriter.dll</ModulePath>
      <ModuleTime>2021-06-15T22:36:24Z</ModuleTime>
      <ModuleName>System.Xml.ReaderWriter</ModuleName>
      <Classes />
    </Module>
    <Module skippedDueTo="Filter" hash="97-01-77-35-E5-CE-F0-FE-8B-96-13-5E-BD-81-67-88-4B-C9-8F-60">
      <ModulePath>C:\Program Files\dotnet\shared\Microsoft.NETCore.App\5.0.8\System.Reflection.Emit.Lightweight.dll</ModulePath>
      <ModuleTime>2021-06-15T22:36:08Z</ModuleTime>
      <ModuleName>System.Reflection.Emit.Lightweight</ModuleName>
      <Classes />
    </Module>
    <Module skippedDueTo="Filter" hash="05-5B-7B-3B-88-A4-02-4E-C1-37-BE-B7-8C-46-77-FA-AB-5A-DB-D5">
      <ModulePath>C:\Program Files\dotnet\shared\Microsoft.NETCore.App\5.0.8\System.Net.Http.dll</ModulePath>
      <ModuleTime>2021-06-15T22:37:38Z</ModuleTime>
      <ModuleName>System.Net.Http</ModuleName>
      <Classes />
    </Module>
    <Module skippedDueTo="Filter" hash="87-60-B5-BF-E9-2B-DE-CB-1C-63-F3-73-49-89-A6-28-BD-73-A6-78">
      <ModulePath>C:\Program Files\dotnet\shared\Microsoft.NETCore.App\5.0.8\System.Threading.Tasks.dll</ModulePath>
      <ModuleTime>2021-06-15T22:36:42Z</ModuleTime>
      <ModuleName>System.Threading.Tasks</ModuleName>
      <Classes />
    </Module>
    <Module skippedDueTo="Filter" hash="FA-49-8F-6E-E5-24-3E-0D-86-71-74-0D-E7-64-EC-44-75-25-9E-F6">
      <ModulePath>C:\Program Files\dotnet\shared\Microsoft.NETCore.App\5.0.8\System.Globalization.dll</ModulePath>
      <ModuleTime>2021-06-15T22:37:32Z</ModuleTime>
      <ModuleName>System.Globalization</ModuleName>
      <Classes />
    </Module>
    <Module skippedDueTo="Filter" hash="1A-FD-07-6B-AE-79-1B-5E-99-D0-A9-C7-9A-BF-F1-C2-4C-46-D8-41">
      <ModulePath>C:\Program Files\dotnet\shared\Microsoft.NETCore.App\5.0.8\System.Reflection.Primitives.dll</ModulePath>
      <ModuleTime>2021-06-15T22:36:10Z</ModuleTime>
      <ModuleName>System.Reflection.Primitives</ModuleName>
      <Classes />
    </Module>
    <Module skippedDueTo="MissingPdb" hash="FE-4E-67-81-5A-96-C8-DA-99-98-9D-8F-86-11-2C-66-6A-B9-F9-DA">
      <ModulePath>C:\Program Files\dotnet\sdk\5.0.302\Microsoft.TemplateEngine.Utils.dll</ModulePath>
      <ModuleTime>2021-06-19T02:54:00Z</ModuleTime>
      <ModuleName>Microsoft.TemplateEngine.Utils</ModuleName>
      <Classes />
    </Module>
    <Module skippedDueTo="Filter" hash="53-6F-B0-02-EE-FF-E0-A0-9A-02-9C-F2-7B-77-10-D8-2B-A8-68-74">
      <ModulePath>C:\Program Files\dotnet\shared\Microsoft.NETCore.App\5.0.8\System.Net.Primitives.dll</ModulePath>
      <ModuleTime>2021-06-15T22:37:40Z</ModuleTime>
      <ModuleName>System.Net.Primitives</ModuleName>
      <Classes />
    </Module>
    <Module skippedDueTo="Filter" hash="10-98-D4-EC-34-0A-2D-86-08-36-A2-FF-68-DE-10-AC-CB-0E-33-39">
      <ModulePath>C:\Program Files\dotnet\shared\Microsoft.NETCore.App\5.0.8\System.Net.Security.dll</ModulePath>
      <ModuleTime>2021-06-15T22:37:40Z</ModuleTime>
      <ModuleName>System.Net.Security</ModuleName>
      <Classes />
    </Module>
    <Module skippedDueTo="Filter" hash="9E-C3-DC-CB-E0-91-4C-17-61-57-25-37-60-2D-DC-38-21-35-FC-67">
      <ModulePath>C:\Program Files\dotnet\shared\Microsoft.NETCore.App\5.0.8\System.Diagnostics.DiagnosticSource.dll</ModulePath>
      <ModuleTime>2021-06-15T22:37:32Z</ModuleTime>
      <ModuleName>System.Diagnostics.DiagnosticSource</ModuleName>
      <Classes />
    </Module>
    <Module skippedDueTo="MissingPdb" hash="0C-A3-28-61-75-11-F0-7A-B6-A2-22-92-71-55-27-18-F0-2C-57-D5">
      <ModulePath>C:\Program Files\dotnet\sdk\5.0.302\pt-BR\dotnet.resources.dll</ModulePath>
      <ModuleTime>2021-06-19T02:53:48Z</ModuleTime>
      <ModuleName>dotnet.resources</ModuleName>
      <Classes />
    </Module>
    <Module skippedDueTo="MissingPdb" hash="6E-69-CF-AD-DF-8E-61-A3-05-68-0B-AB-2C-CF-E0-5B-D3-7C-B0-04">
      <ModulePath>C:\Program Files\dotnet\shared\Microsoft.NETCore.App\5.0.8\Microsoft.Win32.Registry.dll</ModulePath>
      <ModuleTime>2021-06-15T22:36:32Z</ModuleTime>
      <ModuleName>Microsoft.Win32.Registry</ModuleName>
      <Classes />
    </Module>
    <Module skippedDueTo="Filter" hash="41-D1-1B-BB-66-D5-FE-1E-69-44-99-B1-77-33-8C-4D-0D-67-0F-8E">
      <ModulePath>C:\Program Files\dotnet\shared\Microsoft.NETCore.App\5.0.8\System.Net.Requests.dll</ModulePath>
      <ModuleTime>2021-06-15T22:37:38Z</ModuleTime>
      <ModuleName>System.Net.Requests</ModuleName>
      <Classes />
    </Module>
    <Module skippedDueTo="Filter" hash="1E-06-FC-73-04-11-B4-74-84-9C-89-C2-88-6A-38-6B-F2-4B-C2-E1">
      <ModulePath>C:\Program Files\dotnet\shared\Microsoft.NETCore.App\5.0.8\System.Net.NetworkInformation.dll</ModulePath>
      <ModuleTime>2021-06-15T22:37:42Z</ModuleTime>
      <ModuleName>System.Net.NetworkInformation</ModuleName>
      <Classes />
    </Module>
    <Module skippedDueTo="Filter" hash="CC-C6-FA-39-E5-96-8C-7F-15-FA-D4-D6-C7-0E-D5-B2-A5-2A-93-31">
      <ModulePath>C:\Program Files\dotnet\shared\Microsoft.NETCore.App\5.0.8\System.Diagnostics.Tools.dll</ModulePath>
      <ModuleTime>2021-06-15T22:37:30Z</ModuleTime>
      <ModuleName>System.Diagnostics.Tools</ModuleName>
      <Classes />
    </Module>
    <Module skippedDueTo="Filter" hash="35-1F-6A-F0-44-11-0F-9D-CD-74-74-3C-7B-07-4D-8F-0A-37-36-16">
      <ModulePath>C:\Program Files\dotnet\shared\Microsoft.NETCore.App\5.0.8\System.Diagnostics.Debug.dll</ModulePath>
      <ModuleTime>2021-06-15T22:37:30Z</ModuleTime>
      <ModuleName>System.Diagnostics.Debug</ModuleName>
      <Classes />
    </Module>
    <Module skippedDueTo="Filter" hash="D0-8C-43-8E-D1-5C-FB-4F-2C-70-9D-E8-7E-40-7A-F2-BD-51-92-52">
      <ModulePath>C:\Program Files\dotnet\shared\Microsoft.NETCore.App\5.0.8\System.IO.dll</ModulePath>
      <ModuleTime>2021-06-15T22:37:34Z</ModuleTime>
      <ModuleName>System.IO</ModuleName>
      <Classes />
    </Module>
    <Module skippedDueTo="Filter" hash="01-C4-64-0E-17-04-E4-7A-41-D3-4E-24-FA-E7-4B-A7-47-ED-41-7B">
      <ModulePath>C:\Program Files\dotnet\shared\Microsoft.NETCore.App\5.0.8\System.Text.Encoding.dll</ModulePath>
      <ModuleTime>2021-06-15T22:37:02Z</ModuleTime>
      <ModuleName>System.Text.Encoding</ModuleName>
      <Classes />
    </Module>
    <Module skippedDueTo="Filter" hash="24-38-25-EC-B0-26-04-51-08-0C-C9-91-F0-F9-A2-87-40-5C-A7-1A">
      <ModulePath>C:\Program Files\dotnet\shared\Microsoft.NETCore.App\5.0.8\System.IO.Compression.dll</ModulePath>
      <ModuleTime>2021-06-15T22:37:32Z</ModuleTime>
      <ModuleName>System.IO.Compression</ModuleName>
      <Classes />
    </Module>
    <Module skippedDueTo="MissingPdb" hash="77-35-9A-96-44-83-DA-F4-A6-34-D4-18-CD-46-0E-77-86-EB-E8-CC">
      <ModulePath>C:\Program Files\dotnet\sdk\5.0.302\Microsoft.Build.Framework.dll</ModulePath>
      <ModuleTime>2021-06-19T02:53:36Z</ModuleTime>
      <ModuleName>Microsoft.Build.Framework</ModuleName>
      <Classes />
    </Module>
    <Module skippedDueTo="Filter" hash="DB-53-CF-3A-AF-11-D5-01-61-DB-CA-00-8E-B6-65-17-A7-FD-67-3A">
      <ModulePath>C:\Program Files\dotnet\shared\Microsoft.NETCore.App\5.0.8\System.Net.Sockets.dll</ModulePath>
      <ModuleTime>2021-06-15T22:36:38Z</ModuleTime>
      <ModuleName>System.Net.Sockets</ModuleName>
      <Classes />
    </Module>
    <Module skippedDueTo="Filter" hash="E0-AC-67-F1-8F-D5-7B-97-78-D8-7C-19-2A-28-FB-FF-FE-DD-CD-B4">
      <ModulePath>C:\Program Files\dotnet\shared\Microsoft.NETCore.App\5.0.8\System.Net.NameResolution.dll</ModulePath>
      <ModuleTime>2021-06-15T22:37:38Z</ModuleTime>
      <ModuleName>System.Net.NameResolution</ModuleName>
      <Classes />
    </Module>
    <Module skippedDueTo="Filter" hash="25-2D-D0-30-BE-3F-F0-A2-92-FF-C5-98-14-77-7D-5F-39-78-5D-5C">
      <ModulePath>C:\Program Files\dotnet\shared\Microsoft.NETCore.App\5.0.8\System.Threading.Overlapped.dll</ModulePath>
      <ModuleTime>2021-06-15T22:36:12Z</ModuleTime>
      <ModuleName>System.Threading.Overlapped</ModuleName>
      <Classes />
    </Module>
    <Module skippedDueTo="Filter" hash="81-BC-87-BF-5B-74-F3-95-60-39-47-88-86-E8-A2-68-33-80-FA-2D">
      <ModulePath>C:\Program Files\dotnet\shared\Microsoft.NETCore.App\5.0.8\System.Threading.ThreadPool.dll</ModulePath>
      <ModuleTime>2021-06-15T22:37:24Z</ModuleTime>
      <ModuleName>System.Threading.ThreadPool</ModuleName>
      <Classes />
    </Module>
    <Module skippedDueTo="Filter" hash="33-E0-31-1C-57-33-D1-22-05-4A-F6-7D-13-E9-3E-E5-24-41-85-8B">
      <ModulePath>C:\Program Files\dotnet\shared\Microsoft.NETCore.App\5.0.8\System.Security.Principal.Windows.dll</ModulePath>
      <ModuleTime>2021-06-15T22:36:12Z</ModuleTime>
      <ModuleName>System.Security.Principal.Windows</ModuleName>
      <Classes />
    </Module>
    <Module skippedDueTo="Filter" hash="43-CE-36-6C-29-00-79-E0-EE-8B-5B-C2-E1-B0-86-80-DE-5E-65-36">
      <ModulePath>C:\Program Files\dotnet\shared\Microsoft.NETCore.App\5.0.8\System.Security.Claims.dll</ModulePath>
      <ModuleTime>2021-06-15T22:36:40Z</ModuleTime>
      <ModuleName>System.Security.Claims</ModuleName>
      <Classes />
    </Module>
    <Module skippedDueTo="Filter" hash="9B-7B-C3-CD-F3-34-AD-97-20-C1-42-F7-B2-ED-37-4A-B6-00-6D-05">
      <ModulePath>C:\Program Files\dotnet\shared\Microsoft.NETCore.App\5.0.8\System.Private.CoreLib.dll</ModulePath>
      <ModuleTime>2021-06-15T22:33:02Z</ModuleTime>
      <ModuleName>System.Private.CoreLib</ModuleName>
      <Classes />
    </Module>
    <Module skippedDueTo="MissingPdb" hash="F1-2E-DF-5E-C0-FE-5F-04-BF-AF-5B-25-69-43-D6-35-D6-E8-9F-77">
      <ModulePath>C:\Program Files\dotnet\sdk\5.0.302\MSBuild.dll</ModulePath>
      <ModuleTime>2021-06-19T02:53:52Z</ModuleTime>
      <ModuleName>MSBuild</ModuleName>
      <Classes />
    </Module>
    <Module skippedDueTo="Filter" hash="61-56-38-82-9A-B0-9F-2E-6C-B0-46-D7-12-D0-22-9E-A0-DC-36-AE">
      <ModulePath>C:\Program Files\dotnet\shared\Microsoft.NETCore.App\5.0.8\System.Runtime.dll</ModulePath>
      <ModuleTime>2021-06-15T22:36:34Z</ModuleTime>
      <ModuleName>System.Runtime</ModuleName>
      <Classes />
    </Module>
    <Module skippedDueTo="Filter" hash="19-BF-4E-A8-61-92-95-A4-05-36-13-59-FB-E3-A1-0B-96-F9-FE-74">
      <ModulePath>C:\Program Files\dotnet\shared\Microsoft.NETCore.App\5.0.8\System.Diagnostics.Tracing.dll</ModulePath>
      <ModuleTime>2021-06-15T22:37:28Z</ModuleTime>
      <ModuleName>System.Diagnostics.Tracing</ModuleName>
      <Classes />
    </Module>
    <Module skippedDueTo="Filter" hash="E8-40-6D-32-24-8E-84-2A-2E-F5-45-2E-5A-92-D2-BB-86-59-65-94">
      <ModulePath>C:\Program Files\dotnet\shared\Microsoft.NETCore.App\5.0.8\System.Threading.dll</ModulePath>
      <ModuleTime>2021-06-15T22:36:12Z</ModuleTime>
      <ModuleName>System.Threading</ModuleName>
      <Classes />
    </Module>
    <Module skippedDueTo="MissingPdb" hash="77-35-9A-96-44-83-DA-F4-A6-34-D4-18-CD-46-0E-77-86-EB-E8-CC">
      <ModulePath>C:\Program Files\dotnet\sdk\5.0.302\Microsoft.Build.Framework.dll</ModulePath>
      <ModuleTime>2021-06-19T02:53:36Z</ModuleTime>
      <ModuleName>Microsoft.Build.Framework</ModuleName>
      <Classes />
    </Module>
    <Module skippedDueTo="MissingPdb" hash="C1-D5-43-B5-D2-56-15-88-8C-43-43-15-C7-89-3A-84-7E-4C-EA-FA">
      <ModulePath>C:\Program Files\dotnet\shared\Microsoft.NETCore.App\5.0.8\netstandard.dll</ModulePath>
      <ModuleTime>2021-06-15T22:36:32Z</ModuleTime>
      <ModuleName>netstandard</ModuleName>
      <Classes />
    </Module>
    <Module skippedDueTo="Filter" hash="A2-07-0B-32-E8-09-C1-E9-05-DE-2B-B9-AA-85-C4-0A-04-36-00-C2">
      <ModulePath>C:\Program Files\dotnet\shared\Microsoft.NETCore.App\5.0.8\System.IO.FileSystem.dll</ModulePath>
      <ModuleTime>2021-06-15T22:37:36Z</ModuleTime>
      <ModuleName>System.IO.FileSystem</ModuleName>
      <Classes />
    </Module>
    <Module skippedDueTo="Filter" hash="E4-05-5F-7E-35-EE-79-6D-26-9A-91-D4-10-60-00-D9-92-8D-36-56">
      <ModulePath>C:\Program Files\dotnet\shared\Microsoft.NETCore.App\5.0.8\System.Runtime.InteropServices.RuntimeInformation.dll</ModulePath>
      <ModuleTime>2021-06-15T22:36:34Z</ModuleTime>
      <ModuleName>System.Runtime.InteropServices.RuntimeInformation</ModuleName>
      <Classes />
    </Module>
    <Module skippedDueTo="Filter" hash="0E-46-99-B8-8A-AE-6E-34-AD-73-81-6A-36-41-FA-D7-AB-9C-DA-BA">
      <ModulePath>C:\Program Files\dotnet\shared\Microsoft.NETCore.App\5.0.8\System.Diagnostics.Process.dll</ModulePath>
      <ModuleTime>2021-06-15T22:37:28Z</ModuleTime>
      <ModuleName>System.Diagnostics.Process</ModuleName>
      <Classes />
    </Module>
    <Module skippedDueTo="Filter" hash="8A-BC-B5-E0-11-49-57-39-31-A4-77-6A-63-36-0F-A1-55-F7-45-2C">
      <ModulePath>C:\Program Files\dotnet\shared\Microsoft.NETCore.App\5.0.8\System.ComponentModel.Primitives.dll</ModulePath>
      <ModuleTime>2021-06-15T22:36:32Z</ModuleTime>
      <ModuleName>System.ComponentModel.Primitives</ModuleName>
      <Classes />
    </Module>
    <Module skippedDueTo="Filter" hash="EF-3D-22-11-9D-96-0C-61-D3-40-F0-4D-B1-DF-E9-61-3A-18-8C-BF">
      <ModulePath>C:\Program Files\dotnet\shared\Microsoft.NETCore.App\5.0.8\System.Linq.dll</ModulePath>
      <ModuleTime>2021-06-15T22:37:36Z</ModuleTime>
      <ModuleName>System.Linq</ModuleName>
      <Classes />
    </Module>
    <Module skippedDueTo="Filter" hash="A7-13-89-61-24-BE-EB-68-CA-A7-BF-1A-46-BC-95-E9-5C-B7-A5-21">
      <ModulePath>C:\Program Files\dotnet\shared\Microsoft.NETCore.App\5.0.8\System.Text.RegularExpressions.dll</ModulePath>
      <ModuleTime>2021-06-15T22:36:14Z</ModuleTime>
      <ModuleName>System.Text.RegularExpressions</ModuleName>
      <Classes />
    </Module>
    <Module skippedDueTo="Filter" hash="C8-5F-36-F0-E3-7F-18-EB-0B-2A-79-45-F7-55-59-87-00-1B-7B-07">
      <ModulePath>C:\Program Files\dotnet\shared\Microsoft.NETCore.App\5.0.8\System.Collections.Concurrent.dll</ModulePath>
      <ModuleTime>2021-06-15T22:36:10Z</ModuleTime>
      <ModuleName>System.Collections.Concurrent</ModuleName>
      <Classes />
    </Module>
    <Module skippedDueTo="Filter" hash="60-C8-2A-D8-07-A8-48-30-3F-AA-19-08-90-AF-27-90-9A-C3-7F-85">
      <ModulePath>C:\Program Files\dotnet\shared\Microsoft.NETCore.App\5.0.8\System.Collections.dll</ModulePath>
      <ModuleTime>2021-06-15T22:36:32Z</ModuleTime>
      <ModuleName>System.Collections</ModuleName>
      <Classes />
    </Module>
    <Module skippedDueTo="Filter" hash="7E-1A-99-08-85-ED-FA-10-E7-B6-7E-A8-60-2B-48-FC-65-D6-4D-57">
      <ModulePath>C:\Program Files\dotnet\shared\Microsoft.NETCore.App\5.0.8\System.Memory.dll</ModulePath>
      <ModuleTime>2021-06-15T22:37:06Z</ModuleTime>
      <ModuleName>System.Memory</ModuleName>
      <Classes />
    </Module>
    <Module skippedDueTo="Filter" hash="51-49-74-4B-49-5A-3A-F0-11-75-8A-B4-1E-A6-3E-0D-3D-2C-3F-05">
      <ModulePath>C:\Program Files\dotnet\shared\Microsoft.NETCore.App\5.0.8\System.Runtime.InteropServices.dll</ModulePath>
      <ModuleTime>2021-06-15T22:36:10Z</ModuleTime>
      <ModuleName>System.Runtime.InteropServices</ModuleName>
      <Classes />
    </Module>
    <Module skippedDueTo="Filter" hash="7D-1D-A1-FE-D2-56-59-3E-97-B2-9B-BF-3F-CF-83-24-A2-3B-35-F6">
      <ModulePath>C:\Program Files\dotnet\shared\Microsoft.NETCore.App\5.0.8\System.Console.dll</ModulePath>
      <ModuleTime>2021-06-15T22:37:28Z</ModuleTime>
      <ModuleName>System.Console</ModuleName>
      <Classes />
    </Module>
    <Module skippedDueTo="MissingPdb" hash="53-EE-9E-68-83-8C-FC-13-AA-3A-41-66-91-D5-E1-62-DC-15-4D-51">
      <ModulePath>C:\Program Files\dotnet\sdk\5.0.302\Microsoft.Build.dll</ModulePath>
      <ModuleTime>2021-06-19T02:54:00Z</ModuleTime>
      <ModuleName>Microsoft.Build</ModuleName>
      <Classes />
    </Module>
    <Module skippedDueTo="MissingPdb" hash="F4-5D-2C-A9-8F-5B-FB-63-96-1C-BC-FF-7B-A3-3A-0B-C5-38-C2-B9">
      <ModulePath>C:\Program Files\dotnet\shared\Microsoft.NETCore.App\5.0.8\Microsoft.Win32.Primitives.dll</ModulePath>
      <ModuleTime>2021-06-15T22:36:34Z</ModuleTime>
      <ModuleName>Microsoft.Win32.Primitives</ModuleName>
      <Classes />
    </Module>
    <Module skippedDueTo="Filter" hash="31-6B-22-6C-AA-AB-46-F9-19-F5-96-4A-05-AC-0F-5C-36-C9-9F-07">
      <ModulePath>C:\Program Files\dotnet\shared\Microsoft.NETCore.App\5.0.8\System.Text.Encoding.CodePages.dll</ModulePath>
      <ModuleTime>2021-06-15T22:37:24Z</ModuleTime>
      <ModuleName>System.Text.Encoding.CodePages</ModuleName>
      <Classes />
    </Module>
    <Module skippedDueTo="MissingPdb" hash="B8-A9-11-FA-83-B6-0B-B3-71-1B-72-36-5C-E4-EA-54-3A-B3-37-59">
      <ModulePath>C:\Program Files\dotnet\sdk\5.0.302\pt-BR\MSBuild.resources.dll</ModulePath>
      <ModuleTime>2021-06-09T00:45:36Z</ModuleTime>
      <ModuleName>MSBuild.resources</ModuleName>
      <Classes />
    </Module>
    <Module skippedDueTo="Filter" hash="31-2C-A2-8F-56-68-06-B0-11-DC-28-A0-3F-A3-3F-D9-F8-F7-37-C7">
      <ModulePath>C:\Program Files\dotnet\shared\Microsoft.NETCore.App\5.0.8\System.Text.Encoding.Extensions.dll</ModulePath>
      <ModuleTime>2021-06-15T22:36:12Z</ModuleTime>
      <ModuleName>System.Text.Encoding.Extensions</ModuleName>
      <Classes />
    </Module>
    <Module skippedDueTo="Filter" hash="57-EB-F1-15-89-F4-C1-BE-C5-5C-79-58-34-DD-02-C7-16-5C-7C-D3">
      <ModulePath>C:\Program Files\dotnet\shared\Microsoft.NETCore.App\5.0.8\System.Runtime.CompilerServices.Unsafe.dll</ModulePath>
      <ModuleTime>2021-06-15T22:37:04Z</ModuleTime>
      <ModuleName>System.Runtime.CompilerServices.Unsafe</ModuleName>
      <Classes />
    </Module>
  </Modules>
</CoverageSession>